[0.008s] Invoking command in '/home/minh/ktlt_ws/build/micro_ros_msgs': CMAKE_PREFIX_PATH=${CMAKE_PREFIX_PATH}:/home/minh/ros2_ws/install/my_py_pkg:/home/minh/install/my_py_pkg:/opt/ros/humble /usr/bin/cmake /home/minh/ktlt_ws/src/uros/micro_ros_msgs -DUAGENT_BUILD_EXECUTABLE=OFF -DUAGENT_P2P_PROFILE=OFF --no-warn-unused-cli -DCMAKE_INSTALL_PREFIX=/home/minh/ktlt_ws/install/micro_ros_msgs
[0.013s] Not searching for unused variables given on the command line.
[0.048s] -- The C compiler identification is GNU 11.4.0
[0.089s] -- The CXX compiler identification is GNU 11.4.0
[0.094s] -- Detecting C compiler ABI info
[0.152s] -- Detecting C compiler ABI info - done
[0.156s] -- Check for working C compiler: /usr/bin/cc - skipped
[0.156s] -- Detecting C compile features
[0.156s] -- Detecting C compile features - done
[0.158s] -- Detecting CXX compiler ABI info
[0.224s] -- Detecting CXX compiler ABI info - done
[0.228s] -- Check for working CXX compiler: /usr/bin/c++ - skipped
[0.228s] -- Detecting CXX compile features
[0.228s] -- Detecting CXX compile features - done
[0.231s] -- Found ament_cmake: 1.3.13 (/opt/ros/humble/share/ament_cmake/cmake)
[0.338s] -- Found Python3: /usr/bin/python3 (found version "3.10.12") found components: Interpreter 
[0.409s] -- Found rosidl_default_generators: 1.2.0 (/opt/ros/humble/share/rosidl_default_generators/cmake)
[0.413s] -- Using all available rosidl_typesupport_c: rosidl_typesupport_fastrtps_c;rosidl_typesupport_introspection_c
[0.421s] -- Found rosidl_adapter: 3.1.8 (/opt/ros/humble/share/rosidl_adapter/cmake)
[0.461s] -- Using all available rosidl_typesupport_cpp: rosidl_typesupport_fastrtps_cpp;rosidl_typesupport_introspection_cpp
[0.491s] -- Found ament_lint_auto: 0.12.15 (/opt/ros/humble/share/ament_lint_auto/cmake)
[0.690s] -- Found ament_cmake_ros: 0.10.0 (/opt/ros/humble/share/ament_cmake_ros/cmake)
[0.826s] -- Using all available rosidl_typesupport_c: rosidl_typesupport_fastrtps_c;rosidl_typesupport_introspection_c
[1.001s] -- Using all available rosidl_typesupport_cpp: rosidl_typesupport_fastrtps_cpp;rosidl_typesupport_introspection_cpp
[1.018s] -- Found PythonInterp: /usr/bin/python3 (found suitable version "3.10.12", minimum required is "3.6") 
[1.020s] -- Found python_cmake_module: 0.10.0 (/opt/ros/humble/share/python_cmake_module/cmake)
[1.041s] -- Found PythonLibs: /usr/lib/x86_64-linux-gnu/libpython3.10.so (found suitable version "3.10.12", minimum required is "3.5") 
[1.041s] -- Using PYTHON_EXECUTABLE: /usr/bin/python3
[1.041s] -- Using PYTHON_INCLUDE_DIRS: /usr/include/python3.10
[1.041s] -- Using PYTHON_LIBRARIES: /usr/lib/x86_64-linux-gnu/libpython3.10.so
[1.058s] -- Found PythonExtra: .so  
[1.085s] -- Added test 'copyright' to check source files copyright and LICENSE
[1.090s] -- Added test 'lint_cmake' to check CMake code style
[1.093s] -- Added test 'xmllint' to check XML markup files
[1.098s] -- Configuring done
[1.119s] -- Generating done
[1.126s] -- Build files have been written to: /home/minh/ktlt_ws/build/micro_ros_msgs
[1.135s] Invoked command in '/home/minh/ktlt_ws/build/micro_ros_msgs' returned '0': CMAKE_PREFIX_PATH=${CMAKE_PREFIX_PATH}:/home/minh/ros2_ws/install/my_py_pkg:/home/minh/install/my_py_pkg:/opt/ros/humble /usr/bin/cmake /home/minh/ktlt_ws/src/uros/micro_ros_msgs -DUAGENT_BUILD_EXECUTABLE=OFF -DUAGENT_P2P_PROFILE=OFF --no-warn-unused-cli -DCMAKE_INSTALL_PREFIX=/home/minh/ktlt_ws/install/micro_ros_msgs
[1.137s] Invoking command in '/home/minh/ktlt_ws/build/micro_ros_msgs': CMAKE_PREFIX_PATH=${CMAKE_PREFIX_PATH}:/home/minh/ros2_ws/install/my_py_pkg:/home/minh/install/my_py_pkg:/opt/ros/humble /usr/bin/cmake --build /home/minh/ktlt_ws/build/micro_ros_msgs -- -j16 -l16
[1.174s] [  2%] [34m[1mGenerating C code for ROS interfaces[0m
[1.182s] [  4%] [34m[1mGenerating C++ code for ROS interfaces[0m
[1.190s] [  4%] Built target ament_cmake_python_copy_micro_ros_msgs
[1.340s] running egg_info
[1.341s] creating micro_ros_msgs.egg-info
[1.341s] writing micro_ros_msgs.egg-info/PKG-INFO
[1.342s] writing dependency_links to micro_ros_msgs.egg-info/dependency_links.txt
[1.342s] writing top-level names to micro_ros_msgs.egg-info/top_level.txt
[1.342s] writing manifest file 'micro_ros_msgs.egg-info/SOURCES.txt'
[1.344s] reading manifest file 'micro_ros_msgs.egg-info/SOURCES.txt'
[1.345s] writing manifest file 'micro_ros_msgs.egg-info/SOURCES.txt'
[1.370s] [  4%] Built target ament_cmake_python_build_micro_ros_msgs_egg
[1.413s] [  4%] Built target micro_ros_msgs__cpp
[1.421s] [ 12%] [34m[1mGenerating C++ type support dispatch for ROS interfaces[0m
[1.421s] [ 12%] [32mBuilding C object CMakeFiles/micro_ros_msgs__rosidl_generator_c.dir/rosidl_generator_c/micro_ros_msgs/msg/detail/graph__functions.c.o[0m
[1.421s] [ 12%] [34m[1mGenerating C++ type support for eProsima Fast-RTPS[0m
[1.421s] [ 12%] [32mBuilding C object CMakeFiles/micro_ros_msgs__rosidl_generator_c.dir/rosidl_generator_c/micro_ros_msgs/msg/detail/node__functions.c.o[0m
[1.421s] [ 14%] [32mBuilding C object CMakeFiles/micro_ros_msgs__rosidl_generator_c.dir/rosidl_generator_c/micro_ros_msgs/msg/detail/entity__functions.c.o[0m
[1.421s] [ 17%] [34m[1mGenerating C++ introspection for ROS interfaces[0m
[1.468s] [ 19%] [32m[1mLinking C shared library libmicro_ros_msgs__rosidl_generator_c.so[0m
[1.502s] [ 19%] Built target micro_ros_msgs__rosidl_generator_c
[1.512s] [ 25%] [34m[1mGenerating C type support dispatch for ROS interfaces[0m
[1.512s] [ 25%] [34m[1mGenerating C type support for eProsima Fast-RTPS[0m
[1.512s] [ 25%] [34m[1mGenerating C introspection for ROS interfaces[0m
[1.621s] [ 29%] [32mBuilding CXX object CMakeFiles/micro_ros_msgs__rosidl_typesupport_cpp.dir/rosidl_typesupport_cpp/micro_ros_msgs/msg/graph__type_support.cpp.o[0m
[1.622s] [ 29%] [32mBuilding CXX object CMakeFiles/micro_ros_msgs__rosidl_typesupport_cpp.dir/rosidl_typesupport_cpp/micro_ros_msgs/msg/node__type_support.cpp.o[0m
[1.623s] [ 31%] [32mBuilding CXX object CMakeFiles/micro_ros_msgs__rosidl_typesupport_cpp.dir/rosidl_typesupport_cpp/micro_ros_msgs/msg/entity__type_support.cpp.o[0m
[1.646s] [ 34%] [32mBuilding CXX object CMakeFiles/micro_ros_msgs__rosidl_typesupport_introspection_cpp.dir/rosidl_typesupport_introspection_cpp/micro_ros_msgs/msg/detail/entity__type_support.cpp.o[0m
[1.646s] [ 38%] [32mBuilding CXX object CMakeFiles/micro_ros_msgs__rosidl_typesupport_introspection_cpp.dir/rosidl_typesupport_introspection_cpp/micro_ros_msgs/msg/detail/graph__type_support.cpp.o[0m
[1.646s] [ 38%] [32mBuilding CXX object CMakeFiles/micro_ros_msgs__rosidl_typesupport_introspection_cpp.dir/rosidl_typesupport_introspection_cpp/micro_ros_msgs/msg/detail/node__type_support.cpp.o[0m
[1.659s] [ 42%] [32mBuilding CXX object CMakeFiles/micro_ros_msgs__rosidl_typesupport_fastrtps_cpp.dir/rosidl_typesupport_fastrtps_cpp/micro_ros_msgs/msg/detail/dds_fastrtps/graph__type_support.cpp.o[0m
[1.659s] [ 42%] [32mBuilding CXX object CMakeFiles/micro_ros_msgs__rosidl_typesupport_fastrtps_cpp.dir/rosidl_typesupport_fastrtps_cpp/micro_ros_msgs/msg/detail/dds_fastrtps/node__type_support.cpp.o[0m
[1.659s] [ 44%] [32mBuilding CXX object CMakeFiles/micro_ros_msgs__rosidl_typesupport_fastrtps_cpp.dir/rosidl_typesupport_fastrtps_cpp/micro_ros_msgs/msg/detail/dds_fastrtps/entity__type_support.cpp.o[0m
[1.778s] [ 46%] [32mBuilding CXX object CMakeFiles/micro_ros_msgs__rosidl_typesupport_c.dir/rosidl_typesupport_c/micro_ros_msgs/msg/graph__type_support.cpp.o[0m
[1.780s] [ 48%] [32mBuilding CXX object CMakeFiles/micro_ros_msgs__rosidl_typesupport_c.dir/rosidl_typesupport_c/micro_ros_msgs/msg/node__type_support.cpp.o[0m
[1.786s] [ 51%] [32mBuilding CXX object CMakeFiles/micro_ros_msgs__rosidl_typesupport_c.dir/rosidl_typesupport_c/micro_ros_msgs/msg/entity__type_support.cpp.o[0m
[1.822s] [ 53%] [32mBuilding C object CMakeFiles/micro_ros_msgs__rosidl_typesupport_introspection_c.dir/rosidl_typesupport_introspection_c/micro_ros_msgs/msg/detail/graph__type_support.c.o[0m
[1.826s] [ 55%] [32mBuilding C object CMakeFiles/micro_ros_msgs__rosidl_typesupport_introspection_c.dir/rosidl_typesupport_introspection_c/micro_ros_msgs/msg/detail/node__type_support.c.o[0m
[1.833s] [ 59%] [32m[1mLinking CXX shared library libmicro_ros_msgs__rosidl_typesupport_c.so[0m
[1.833s] [ 59%] [32mBuilding C object CMakeFiles/micro_ros_msgs__rosidl_typesupport_introspection_c.dir/rosidl_typesupport_introspection_c/micro_ros_msgs/msg/detail/entity__type_support.c.o[0m
[1.851s] [ 61%] [32mBuilding CXX object CMakeFiles/micro_ros_msgs__rosidl_typesupport_fastrtps_c.dir/rosidl_typesupport_fastrtps_c/micro_ros_msgs/msg/detail/graph__type_support_c.cpp.o[0m
[1.860s] [ 65%] [32mBuilding CXX object CMakeFiles/micro_ros_msgs__rosidl_typesupport_fastrtps_c.dir/rosidl_typesupport_fastrtps_c/micro_ros_msgs/msg/detail/node__type_support_c.cpp.o[0m
[1.860s] [ 65%] [32mBuilding CXX object CMakeFiles/micro_ros_msgs__rosidl_typesupport_fastrtps_c.dir/rosidl_typesupport_fastrtps_c/micro_ros_msgs/msg/detail/entity__type_support_c.cpp.o[0m
[1.887s] [ 68%] [32m[1mLinking C shared library libmicro_ros_msgs__rosidl_typesupport_introspection_c.so[0m
[1.888s] [ 68%] Built target micro_ros_msgs__rosidl_typesupport_c
[1.948s] [ 70%] [32m[1mLinking CXX shared library libmicro_ros_msgs__rosidl_typesupport_cpp.so[0m
[1.954s] [ 70%] Built target micro_ros_msgs__rosidl_typesupport_introspection_c
[1.998s] [ 70%] Built target micro_ros_msgs__rosidl_typesupport_cpp
[2.137s] [ 72%] [32m[1mLinking CXX shared library libmicro_ros_msgs__rosidl_typesupport_fastrtps_cpp.so[0m
[2.156s] [ 74%] [32m[1mLinking CXX shared library libmicro_ros_msgs__rosidl_typesupport_introspection_cpp.so[0m
[2.180s] [ 76%] [32m[1mLinking CXX shared library libmicro_ros_msgs__rosidl_typesupport_fastrtps_c.so[0m
[2.200s] [ 76%] Built target micro_ros_msgs__rosidl_typesupport_fastrtps_cpp
[2.224s] [ 76%] Built target micro_ros_msgs__rosidl_typesupport_introspection_cpp
[2.238s] [ 76%] Built target micro_ros_msgs__rosidl_typesupport_fastrtps_c
[2.256s] [ 76%] Built target micro_ros_msgs
[2.272s] [ 78%] [34m[1mGenerating Python code for ROS interfaces[0m
[2.561s] [ 78%] Built target micro_ros_msgs__py
[2.578s] [ 82%] [32mBuilding C object CMakeFiles/micro_ros_msgs__rosidl_generator_py.dir/rosidl_generator_py/micro_ros_msgs/msg/_node_s.c.o[0m
[2.578s] [ 82%] [32mBuilding C object CMakeFiles/micro_ros_msgs__rosidl_generator_py.dir/rosidl_generator_py/micro_ros_msgs/msg/_entity_s.c.o[0m
[2.578s] [ 85%] [32mBuilding C object CMakeFiles/micro_ros_msgs__rosidl_generator_py.dir/rosidl_generator_py/micro_ros_msgs/msg/_graph_s.c.o[0m
[2.659s] [ 87%] [32m[1mLinking C shared library rosidl_generator_py/micro_ros_msgs/libmicro_ros_msgs__rosidl_generator_py.so[0m
[2.690s] [ 87%] Built target micro_ros_msgs__rosidl_generator_py
[2.705s] [ 93%] [32mBuilding C object CMakeFiles/micro_ros_msgs__rosidl_typesupport_introspection_c__pyext.dir/rosidl_generator_py/micro_ros_msgs/_micro_ros_msgs_s.ep.rosidl_typesupport_introspection_c.c.o[0m
[2.705s] [ 93%] [32mBuilding C object CMakeFiles/micro_ros_msgs__rosidl_typesupport_fastrtps_c__pyext.dir/rosidl_generator_py/micro_ros_msgs/_micro_ros_msgs_s.ep.rosidl_typesupport_fastrtps_c.c.o[0m
[2.706s] [ 93%] [32mBuilding C object CMakeFiles/micro_ros_msgs__rosidl_typesupport_c__pyext.dir/rosidl_generator_py/micro_ros_msgs/_micro_ros_msgs_s.ep.rosidl_typesupport_c.c.o[0m
[2.768s] [ 97%] [32m[1mLinking C shared library rosidl_generator_py/micro_ros_msgs/micro_ros_msgs_s__rosidl_typesupport_c.cpython-310-x86_64-linux-gnu.so[0m
[2.768s] [ 97%] [32m[1mLinking C shared library rosidl_generator_py/micro_ros_msgs/micro_ros_msgs_s__rosidl_typesupport_introspection_c.cpython-310-x86_64-linux-gnu.so[0m
[2.772s] [100%] [32m[1mLinking C shared library rosidl_generator_py/micro_ros_msgs/micro_ros_msgs_s__rosidl_typesupport_fastrtps_c.cpython-310-x86_64-linux-gnu.so[0m
[2.794s] [100%] Built target micro_ros_msgs__rosidl_typesupport_c__pyext
[2.794s] [100%] Built target micro_ros_msgs__rosidl_typesupport_introspection_c__pyext
[2.801s] [100%] Built target micro_ros_msgs__rosidl_typesupport_fastrtps_c__pyext
[2.811s] Invoked command in '/home/minh/ktlt_ws/build/micro_ros_msgs' returned '0': CMAKE_PREFIX_PATH=${CMAKE_PREFIX_PATH}:/home/minh/ros2_ws/install/my_py_pkg:/home/minh/install/my_py_pkg:/opt/ros/humble /usr/bin/cmake --build /home/minh/ktlt_ws/build/micro_ros_msgs -- -j16 -l16
[2.820s] Invoking command in '/home/minh/ktlt_ws/build/micro_ros_msgs': CMAKE_PREFIX_PATH=${CMAKE_PREFIX_PATH}:/home/minh/ros2_ws/install/my_py_pkg:/home/minh/install/my_py_pkg:/opt/ros/humble /usr/bin/cmake --install /home/minh/ktlt_ws/build/micro_ros_msgs
[2.828s] -- Install configuration: ""
[2.828s] -- Installing: /home/minh/ktlt_ws/install/micro_ros_msgs/share/ament_index/resource_index/rosidl_interfaces/micro_ros_msgs
[2.828s] -- Installing: /home/minh/ktlt_ws/install/micro_ros_msgs/include/micro_ros_msgs/micro_ros_msgs
[2.828s] -- Installing: /home/minh/ktlt_ws/install/micro_ros_msgs/include/micro_ros_msgs/micro_ros_msgs/msg
[2.828s] -- Installing: /home/minh/ktlt_ws/install/micro_ros_msgs/include/micro_ros_msgs/micro_ros_msgs/msg/entity.h
[2.828s] -- Installing: /home/minh/ktlt_ws/install/micro_ros_msgs/include/micro_ros_msgs/micro_ros_msgs/msg/rosidl_generator_c__visibility_control.h
[2.828s] -- Installing: /home/minh/ktlt_ws/install/micro_ros_msgs/include/micro_ros_msgs/micro_ros_msgs/msg/graph.h
[2.828s] -- Installing: /home/minh/ktlt_ws/install/micro_ros_msgs/include/micro_ros_msgs/micro_ros_msgs/msg/node.h
[2.829s] -- Installing: /home/minh/ktlt_ws/install/micro_ros_msgs/include/micro_ros_msgs/micro_ros_msgs/msg/detail
[2.829s] -- Installing: /home/minh/ktlt_ws/install/micro_ros_msgs/include/micro_ros_msgs/micro_ros_msgs/msg/detail/node__functions.c
[2.829s] -- Installing: /home/minh/ktlt_ws/install/micro_ros_msgs/include/micro_ros_msgs/micro_ros_msgs/msg/detail/entity__type_support.h
[2.829s] -- Installing: /home/minh/ktlt_ws/install/micro_ros_msgs/include/micro_ros_msgs/micro_ros_msgs/msg/detail/graph__functions.h
[2.829s] -- Installing: /home/minh/ktlt_ws/install/micro_ros_msgs/include/micro_ros_msgs/micro_ros_msgs/msg/detail/graph__type_support.h
[2.829s] -- Installing: /home/minh/ktlt_ws/install/micro_ros_msgs/include/micro_ros_msgs/micro_ros_msgs/msg/detail/node__struct.h
[2.829s] -- Installing: /home/minh/ktlt_ws/install/micro_ros_msgs/include/micro_ros_msgs/micro_ros_msgs/msg/detail/graph__functions.c
[2.829s] -- Installing: /home/minh/ktlt_ws/install/micro_ros_msgs/include/micro_ros_msgs/micro_ros_msgs/msg/detail/entity__functions.h
[2.829s] -- Installing: /home/minh/ktlt_ws/install/micro_ros_msgs/include/micro_ros_msgs/micro_ros_msgs/msg/detail/graph__struct.h
[2.829s] -- Installing: /home/minh/ktlt_ws/install/micro_ros_msgs/include/micro_ros_msgs/micro_ros_msgs/msg/detail/node__functions.h
[2.829s] -- Installing: /home/minh/ktlt_ws/install/micro_ros_msgs/include/micro_ros_msgs/micro_ros_msgs/msg/detail/node__type_support.h
[2.830s] -- Installing: /home/minh/ktlt_ws/install/micro_ros_msgs/include/micro_ros_msgs/micro_ros_msgs/msg/detail/entity__functions.c
[2.830s] -- Installing: /home/minh/ktlt_ws/install/micro_ros_msgs/include/micro_ros_msgs/micro_ros_msgs/msg/detail/entity__struct.h
[2.830s] -- Installing: /home/minh/ktlt_ws/install/micro_ros_msgs/share/micro_ros_msgs/environment/library_path.sh
[2.830s] -- Installing: /home/minh/ktlt_ws/install/micro_ros_msgs/share/micro_ros_msgs/environment/library_path.dsv
[2.830s] -- Installing: /home/minh/ktlt_ws/install/micro_ros_msgs/lib/libmicro_ros_msgs__rosidl_generator_c.so
[2.830s] -- Set runtime path of "/home/minh/ktlt_ws/install/micro_ros_msgs/lib/libmicro_ros_msgs__rosidl_generator_c.so" to ""
[2.830s] -- Up-to-date: /home/minh/ktlt_ws/install/micro_ros_msgs/include/micro_ros_msgs/micro_ros_msgs
[2.830s] -- Up-to-date: /home/minh/ktlt_ws/install/micro_ros_msgs/include/micro_ros_msgs/micro_ros_msgs/msg
[2.830s] -- Installing: /home/minh/ktlt_ws/install/micro_ros_msgs/include/micro_ros_msgs/micro_ros_msgs/msg/rosidl_typesupport_fastrtps_c__visibility_control.h
[2.830s] -- Up-to-date: /home/minh/ktlt_ws/install/micro_ros_msgs/include/micro_ros_msgs/micro_ros_msgs/msg/detail
[2.830s] -- Installing: /home/minh/ktlt_ws/install/micro_ros_msgs/include/micro_ros_msgs/micro_ros_msgs/msg/detail/node__rosidl_typesupport_fastrtps_c.h
[2.830s] -- Installing: /home/minh/ktlt_ws/install/micro_ros_msgs/include/micro_ros_msgs/micro_ros_msgs/msg/detail/entity__rosidl_typesupport_fastrtps_c.h
[2.831s] -- Installing: /home/minh/ktlt_ws/install/micro_ros_msgs/include/micro_ros_msgs/micro_ros_msgs/msg/detail/graph__rosidl_typesupport_fastrtps_c.h
[2.831s] -- Installing: /home/minh/ktlt_ws/install/micro_ros_msgs/lib/libmicro_ros_msgs__rosidl_typesupport_fastrtps_c.so
[2.831s] -- Set runtime path of "/home/minh/ktlt_ws/install/micro_ros_msgs/lib/libmicro_ros_msgs__rosidl_typesupport_fastrtps_c.so" to ""
[2.831s] -- Up-to-date: /home/minh/ktlt_ws/install/micro_ros_msgs/include/micro_ros_msgs/micro_ros_msgs
[2.831s] -- Up-to-date: /home/minh/ktlt_ws/install/micro_ros_msgs/include/micro_ros_msgs/micro_ros_msgs/msg
[2.831s] -- Installing: /home/minh/ktlt_ws/install/micro_ros_msgs/include/micro_ros_msgs/micro_ros_msgs/msg/rosidl_typesupport_introspection_c__visibility_control.h
[2.831s] -- Up-to-date: /home/minh/ktlt_ws/install/micro_ros_msgs/include/micro_ros_msgs/micro_ros_msgs/msg/detail
[2.831s] -- Installing: /home/minh/ktlt_ws/install/micro_ros_msgs/include/micro_ros_msgs/micro_ros_msgs/msg/detail/entity__type_support.c
[2.831s] -- Installing: /home/minh/ktlt_ws/install/micro_ros_msgs/include/micro_ros_msgs/micro_ros_msgs/msg/detail/node__type_support.c
[2.831s] -- Installing: /home/minh/ktlt_ws/install/micro_ros_msgs/include/micro_ros_msgs/micro_ros_msgs/msg/detail/graph__type_support.c
[2.831s] -- Installing: /home/minh/ktlt_ws/install/micro_ros_msgs/include/micro_ros_msgs/micro_ros_msgs/msg/detail/graph__rosidl_typesupport_introspection_c.h
[2.831s] -- Installing: /home/minh/ktlt_ws/install/micro_ros_msgs/include/micro_ros_msgs/micro_ros_msgs/msg/detail/node__rosidl_typesupport_introspection_c.h
[2.832s] -- Installing: /home/minh/ktlt_ws/install/micro_ros_msgs/include/micro_ros_msgs/micro_ros_msgs/msg/detail/entity__rosidl_typesupport_introspection_c.h
[2.832s] -- Installing: /home/minh/ktlt_ws/install/micro_ros_msgs/lib/libmicro_ros_msgs__rosidl_typesupport_introspection_c.so
[2.832s] -- Set runtime path of "/home/minh/ktlt_ws/install/micro_ros_msgs/lib/libmicro_ros_msgs__rosidl_typesupport_introspection_c.so" to ""
[2.832s] -- Installing: /home/minh/ktlt_ws/install/micro_ros_msgs/lib/libmicro_ros_msgs__rosidl_typesupport_c.so
[2.832s] -- Set runtime path of "/home/minh/ktlt_ws/install/micro_ros_msgs/lib/libmicro_ros_msgs__rosidl_typesupport_c.so" to ""
[2.832s] -- Up-to-date: /home/minh/ktlt_ws/install/micro_ros_msgs/include/micro_ros_msgs/micro_ros_msgs
[2.832s] -- Up-to-date: /home/minh/ktlt_ws/install/micro_ros_msgs/include/micro_ros_msgs/micro_ros_msgs/msg
[2.832s] -- Installing: /home/minh/ktlt_ws/install/micro_ros_msgs/include/micro_ros_msgs/micro_ros_msgs/msg/graph.hpp
[2.832s] -- Installing: /home/minh/ktlt_ws/install/micro_ros_msgs/include/micro_ros_msgs/micro_ros_msgs/msg/node.hpp
[2.832s] -- Installing: /home/minh/ktlt_ws/install/micro_ros_msgs/include/micro_ros_msgs/micro_ros_msgs/msg/entity.hpp
[2.832s] -- Installing: /home/minh/ktlt_ws/install/micro_ros_msgs/include/micro_ros_msgs/micro_ros_msgs/msg/rosidl_generator_cpp__visibility_control.hpp
[2.833s] -- Up-to-date: /home/minh/ktlt_ws/install/micro_ros_msgs/include/micro_ros_msgs/micro_ros_msgs/msg/detail
[2.833s] -- Installing: /home/minh/ktlt_ws/install/micro_ros_msgs/include/micro_ros_msgs/micro_ros_msgs/msg/detail/entity__builder.hpp
[2.833s] -- Installing: /home/minh/ktlt_ws/install/micro_ros_msgs/include/micro_ros_msgs/micro_ros_msgs/msg/detail/graph__struct.hpp
[2.833s] -- Installing: /home/minh/ktlt_ws/install/micro_ros_msgs/include/micro_ros_msgs/micro_ros_msgs/msg/detail/node__type_support.hpp
[2.833s] -- Installing: /home/minh/ktlt_ws/install/micro_ros_msgs/include/micro_ros_msgs/micro_ros_msgs/msg/detail/graph__builder.hpp
[2.833s] -- Installing: /home/minh/ktlt_ws/install/micro_ros_msgs/include/micro_ros_msgs/micro_ros_msgs/msg/detail/node__builder.hpp
[2.833s] -- Installing: /home/minh/ktlt_ws/install/micro_ros_msgs/include/micro_ros_msgs/micro_ros_msgs/msg/detail/node__struct.hpp
[2.833s] -- Installing: /home/minh/ktlt_ws/install/micro_ros_msgs/include/micro_ros_msgs/micro_ros_msgs/msg/detail/graph__traits.hpp
[2.833s] -- Installing: /home/minh/ktlt_ws/install/micro_ros_msgs/include/micro_ros_msgs/micro_ros_msgs/msg/detail/entity__type_support.hpp
[2.833s] -- Installing: /home/minh/ktlt_ws/install/micro_ros_msgs/include/micro_ros_msgs/micro_ros_msgs/msg/detail/node__traits.hpp
[2.833s] -- Installing: /home/minh/ktlt_ws/install/micro_ros_msgs/include/micro_ros_msgs/micro_ros_msgs/msg/detail/entity__struct.hpp
[2.833s] -- Installing: /home/minh/ktlt_ws/install/micro_ros_msgs/include/micro_ros_msgs/micro_ros_msgs/msg/detail/graph__type_support.hpp
[2.833s] -- Installing: /home/minh/ktlt_ws/install/micro_ros_msgs/include/micro_ros_msgs/micro_ros_msgs/msg/detail/entity__traits.hpp
[2.834s] -- Up-to-date: /home/minh/ktlt_ws/install/micro_ros_msgs/include/micro_ros_msgs/micro_ros_msgs
[2.834s] -- Up-to-date: /home/minh/ktlt_ws/install/micro_ros_msgs/include/micro_ros_msgs/micro_ros_msgs/msg
[2.834s] -- Installing: /home/minh/ktlt_ws/install/micro_ros_msgs/include/micro_ros_msgs/micro_ros_msgs/msg/rosidl_typesupport_fastrtps_cpp__visibility_control.h
[2.834s] -- Up-to-date: /home/minh/ktlt_ws/install/micro_ros_msgs/include/micro_ros_msgs/micro_ros_msgs/msg/detail
[2.834s] -- Installing: /home/minh/ktlt_ws/install/micro_ros_msgs/include/micro_ros_msgs/micro_ros_msgs/msg/detail/node__rosidl_typesupport_fastrtps_cpp.hpp
[2.834s] -- Installing: /home/minh/ktlt_ws/install/micro_ros_msgs/include/micro_ros_msgs/micro_ros_msgs/msg/detail/graph__rosidl_typesupport_fastrtps_cpp.hpp
[2.834s] -- Installing: /home/minh/ktlt_ws/install/micro_ros_msgs/include/micro_ros_msgs/micro_ros_msgs/msg/detail/dds_fastrtps
[2.834s] -- Installing: /home/minh/ktlt_ws/install/micro_ros_msgs/include/micro_ros_msgs/micro_ros_msgs/msg/detail/entity__rosidl_typesupport_fastrtps_cpp.hpp
[2.834s] -- Installing: /home/minh/ktlt_ws/install/micro_ros_msgs/lib/libmicro_ros_msgs__rosidl_typesupport_fastrtps_cpp.so
[2.834s] -- Set runtime path of "/home/minh/ktlt_ws/install/micro_ros_msgs/lib/libmicro_ros_msgs__rosidl_typesupport_fastrtps_cpp.so" to ""
[2.834s] -- Up-to-date: /home/minh/ktlt_ws/install/micro_ros_msgs/include/micro_ros_msgs/micro_ros_msgs
[2.834s] -- Up-to-date: /home/minh/ktlt_ws/install/micro_ros_msgs/include/micro_ros_msgs/micro_ros_msgs/msg
[2.834s] -- Up-to-date: /home/minh/ktlt_ws/install/micro_ros_msgs/include/micro_ros_msgs/micro_ros_msgs/msg/detail
[2.835s] -- Installing: /home/minh/ktlt_ws/install/micro_ros_msgs/include/micro_ros_msgs/micro_ros_msgs/msg/detail/entity__type_support.cpp
[2.835s] -- Installing: /home/minh/ktlt_ws/install/micro_ros_msgs/include/micro_ros_msgs/micro_ros_msgs/msg/detail/graph__rosidl_typesupport_introspection_cpp.hpp
[2.835s] -- Installing: /home/minh/ktlt_ws/install/micro_ros_msgs/include/micro_ros_msgs/micro_ros_msgs/msg/detail/graph__type_support.cpp
[2.835s] -- Installing: /home/minh/ktlt_ws/install/micro_ros_msgs/include/micro_ros_msgs/micro_ros_msgs/msg/detail/node__rosidl_typesupport_introspection_cpp.hpp
[2.835s] -- Installing: /home/minh/ktlt_ws/install/micro_ros_msgs/include/micro_ros_msgs/micro_ros_msgs/msg/detail/entity__rosidl_typesupport_introspection_cpp.hpp
[2.835s] -- Installing: /home/minh/ktlt_ws/install/micro_ros_msgs/include/micro_ros_msgs/micro_ros_msgs/msg/detail/node__type_support.cpp
[2.835s] -- Installing: /home/minh/ktlt_ws/install/micro_ros_msgs/lib/libmicro_ros_msgs__rosidl_typesupport_introspection_cpp.so
[2.835s] -- Set runtime path of "/home/minh/ktlt_ws/install/micro_ros_msgs/lib/libmicro_ros_msgs__rosidl_typesupport_introspection_cpp.so" to ""
[2.835s] -- Installing: /home/minh/ktlt_ws/install/micro_ros_msgs/lib/libmicro_ros_msgs__rosidl_typesupport_cpp.so
[2.836s] -- Set runtime path of "/home/minh/ktlt_ws/install/micro_ros_msgs/lib/libmicro_ros_msgs__rosidl_typesupport_cpp.so" to ""
[2.836s] -- Installing: /home/minh/ktlt_ws/install/micro_ros_msgs/share/micro_ros_msgs/environment/pythonpath.sh
[2.836s] -- Installing: /home/minh/ktlt_ws/install/micro_ros_msgs/share/micro_ros_msgs/environment/pythonpath.dsv
[2.836s] -- Installing: /home/minh/ktlt_ws/install/micro_ros_msgs/local/lib/python3.10/dist-packages/micro_ros_msgs-3.0.1-py3.10.egg-info
[2.836s] -- Installing: /home/minh/ktlt_ws/install/micro_ros_msgs/local/lib/python3.10/dist-packages/micro_ros_msgs-3.0.1-py3.10.egg-info/PKG-INFO
[2.836s] -- Installing: /home/minh/ktlt_ws/install/micro_ros_msgs/local/lib/python3.10/dist-packages/micro_ros_msgs-3.0.1-py3.10.egg-info/SOURCES.txt
[2.836s] -- Installing: /home/minh/ktlt_ws/install/micro_ros_msgs/local/lib/python3.10/dist-packages/micro_ros_msgs-3.0.1-py3.10.egg-info/dependency_links.txt
[2.836s] -- Installing: /home/minh/ktlt_ws/install/micro_ros_msgs/local/lib/python3.10/dist-packages/micro_ros_msgs-3.0.1-py3.10.egg-info/top_level.txt
[2.836s] -- Installing: /home/minh/ktlt_ws/install/micro_ros_msgs/local/lib/python3.10/dist-packages/micro_ros_msgs
[2.837s] -- Installing: /home/minh/ktlt_ws/install/micro_ros_msgs/local/lib/python3.10/dist-packages/micro_ros_msgs/_micro_ros_msgs_s.ep.rosidl_typesupport_introspection_c.c
[2.837s] -- Installing: /home/minh/ktlt_ws/install/micro_ros_msgs/local/lib/python3.10/dist-packages/micro_ros_msgs/__init__.py
[2.837s] -- Installing: /home/minh/ktlt_ws/install/micro_ros_msgs/local/lib/python3.10/dist-packages/micro_ros_msgs/_micro_ros_msgs_s.ep.rosidl_typesupport_c.c
[2.837s] -- Installing: /home/minh/ktlt_ws/install/micro_ros_msgs/local/lib/python3.10/dist-packages/micro_ros_msgs/micro_ros_msgs_s__rosidl_typesupport_fastrtps_c.cpython-310-x86_64-linux-gnu.so
[2.837s] -- Installing: /home/minh/ktlt_ws/install/micro_ros_msgs/local/lib/python3.10/dist-packages/micro_ros_msgs/micro_ros_msgs_s__rosidl_typesupport_c.cpython-310-x86_64-linux-gnu.so
[2.837s] -- Installing: /home/minh/ktlt_ws/install/micro_ros_msgs/local/lib/python3.10/dist-packages/micro_ros_msgs/libmicro_ros_msgs__rosidl_generator_py.so
[2.837s] -- Installing: /home/minh/ktlt_ws/install/micro_ros_msgs/local/lib/python3.10/dist-packages/micro_ros_msgs/micro_ros_msgs_s__rosidl_typesupport_introspection_c.cpython-310-x86_64-linux-gnu.so
[2.837s] -- Installing: /home/minh/ktlt_ws/install/micro_ros_msgs/local/lib/python3.10/dist-packages/micro_ros_msgs/msg
[2.837s] -- Installing: /home/minh/ktlt_ws/install/micro_ros_msgs/local/lib/python3.10/dist-packages/micro_ros_msgs/msg/__init__.py
[2.837s] -- Installing: /home/minh/ktlt_ws/install/micro_ros_msgs/local/lib/python3.10/dist-packages/micro_ros_msgs/msg/_node_s.c
[2.837s] -- Installing: /home/minh/ktlt_ws/install/micro_ros_msgs/local/lib/python3.10/dist-packages/micro_ros_msgs/msg/_entity.py
[2.837s] -- Installing: /home/minh/ktlt_ws/install/micro_ros_msgs/local/lib/python3.10/dist-packages/micro_ros_msgs/msg/_entity_s.c
[2.837s] -- Installing: /home/minh/ktlt_ws/install/micro_ros_msgs/local/lib/python3.10/dist-packages/micro_ros_msgs/msg/_graph_s.c
[2.838s] -- Installing: /home/minh/ktlt_ws/install/micro_ros_msgs/local/lib/python3.10/dist-packages/micro_ros_msgs/msg/_node.py
[2.838s] -- Installing: /home/minh/ktlt_ws/install/micro_ros_msgs/local/lib/python3.10/dist-packages/micro_ros_msgs/msg/_graph.py
[2.838s] -- Installing: /home/minh/ktlt_ws/install/micro_ros_msgs/local/lib/python3.10/dist-packages/micro_ros_msgs/_micro_ros_msgs_s.ep.rosidl_typesupport_fastrtps_c.c
[2.863s] Listing '/home/minh/ktlt_ws/install/micro_ros_msgs/local/lib/python3.10/dist-packages/micro_ros_msgs'...
[2.863s] Compiling '/home/minh/ktlt_ws/install/micro_ros_msgs/local/lib/python3.10/dist-packages/micro_ros_msgs/__init__.py'...
[2.863s] Listing '/home/minh/ktlt_ws/install/micro_ros_msgs/local/lib/python3.10/dist-packages/micro_ros_msgs/msg'...
[2.863s] Compiling '/home/minh/ktlt_ws/install/micro_ros_msgs/local/lib/python3.10/dist-packages/micro_ros_msgs/msg/__init__.py'...
[2.863s] Compiling '/home/minh/ktlt_ws/install/micro_ros_msgs/local/lib/python3.10/dist-packages/micro_ros_msgs/msg/_entity.py'...
[2.863s] Compiling '/home/minh/ktlt_ws/install/micro_ros_msgs/local/lib/python3.10/dist-packages/micro_ros_msgs/msg/_graph.py'...
[2.863s] Compiling '/home/minh/ktlt_ws/install/micro_ros_msgs/local/lib/python3.10/dist-packages/micro_ros_msgs/msg/_node.py'...
[2.866s] -- Installing: /home/minh/ktlt_ws/install/micro_ros_msgs/local/lib/python3.10/dist-packages/micro_ros_msgs/micro_ros_msgs_s__rosidl_typesupport_fastrtps_c.cpython-310-x86_64-linux-gnu.so
[2.866s] -- Set runtime path of "/home/minh/ktlt_ws/install/micro_ros_msgs/local/lib/python3.10/dist-packages/micro_ros_msgs/micro_ros_msgs_s__rosidl_typesupport_fastrtps_c.cpython-310-x86_64-linux-gnu.so" to ""
[2.866s] -- Installing: /home/minh/ktlt_ws/install/micro_ros_msgs/local/lib/python3.10/dist-packages/micro_ros_msgs/micro_ros_msgs_s__rosidl_typesupport_introspection_c.cpython-310-x86_64-linux-gnu.so
[2.867s] -- Set runtime path of "/home/minh/ktlt_ws/install/micro_ros_msgs/local/lib/python3.10/dist-packages/micro_ros_msgs/micro_ros_msgs_s__rosidl_typesupport_introspection_c.cpython-310-x86_64-linux-gnu.so" to ""
[2.867s] -- Installing: /home/minh/ktlt_ws/install/micro_ros_msgs/local/lib/python3.10/dist-packages/micro_ros_msgs/micro_ros_msgs_s__rosidl_typesupport_c.cpython-310-x86_64-linux-gnu.so
[2.867s] -- Set runtime path of "/home/minh/ktlt_ws/install/micro_ros_msgs/local/lib/python3.10/dist-packages/micro_ros_msgs/micro_ros_msgs_s__rosidl_typesupport_c.cpython-310-x86_64-linux-gnu.so" to ""
[2.867s] -- Installing: /home/minh/ktlt_ws/install/micro_ros_msgs/lib/libmicro_ros_msgs__rosidl_generator_py.so
[2.867s] -- Set runtime path of "/home/minh/ktlt_ws/install/micro_ros_msgs/lib/libmicro_ros_msgs__rosidl_generator_py.so" to ""
[2.867s] -- Installing: /home/minh/ktlt_ws/install/micro_ros_msgs/share/micro_ros_msgs/msg/Graph.idl
[2.867s] -- Installing: /home/minh/ktlt_ws/install/micro_ros_msgs/share/micro_ros_msgs/msg/Node.idl
[2.867s] -- Installing: /home/minh/ktlt_ws/install/micro_ros_msgs/share/micro_ros_msgs/msg/Entity.idl
[2.868s] -- Installing: /home/minh/ktlt_ws/install/micro_ros_msgs/share/micro_ros_msgs/msg/Graph.msg
[2.868s] -- Installing: /home/minh/ktlt_ws/install/micro_ros_msgs/share/micro_ros_msgs/msg/Node.msg
[2.868s] -- Installing: /home/minh/ktlt_ws/install/micro_ros_msgs/share/micro_ros_msgs/msg/Entity.msg
[2.868s] -- Installing: /home/minh/ktlt_ws/install/micro_ros_msgs/share/ament_index/resource_index/package_run_dependencies/micro_ros_msgs
[2.868s] -- Installing: /home/minh/ktlt_ws/install/micro_ros_msgs/share/ament_index/resource_index/parent_prefix_path/micro_ros_msgs
[2.868s] -- Installing: /home/minh/ktlt_ws/install/micro_ros_msgs/share/micro_ros_msgs/environment/ament_prefix_path.sh
[2.868s] -- Installing: /home/minh/ktlt_ws/install/micro_ros_msgs/share/micro_ros_msgs/environment/ament_prefix_path.dsv
[2.868s] -- Installing: /home/minh/ktlt_ws/install/micro_ros_msgs/share/micro_ros_msgs/environment/path.sh
[2.868s] -- Installing: /home/minh/ktlt_ws/install/micro_ros_msgs/share/micro_ros_msgs/environment/path.dsv
[2.868s] -- Installing: /home/minh/ktlt_ws/install/micro_ros_msgs/share/micro_ros_msgs/local_setup.bash
[2.869s] -- Installing: /home/minh/ktlt_ws/install/micro_ros_msgs/share/micro_ros_msgs/local_setup.sh
[2.869s] -- Installing: /home/minh/ktlt_ws/install/micro_ros_msgs/share/micro_ros_msgs/local_setup.zsh
[2.869s] -- Installing: /home/minh/ktlt_ws/install/micro_ros_msgs/share/micro_ros_msgs/local_setup.dsv
[2.869s] -- Installing: /home/minh/ktlt_ws/install/micro_ros_msgs/share/micro_ros_msgs/package.dsv
[2.869s] -- Installing: /home/minh/ktlt_ws/install/micro_ros_msgs/share/ament_index/resource_index/packages/micro_ros_msgs
[2.869s] -- Installing: /home/minh/ktlt_ws/install/micro_ros_msgs/share/micro_ros_msgs/cmake/export_micro_ros_msgs__rosidl_generator_cExport.cmake
[2.869s] -- Installing: /home/minh/ktlt_ws/install/micro_ros_msgs/share/micro_ros_msgs/cmake/export_micro_ros_msgs__rosidl_generator_cExport-noconfig.cmake
[2.869s] -- Installing: /home/minh/ktlt_ws/install/micro_ros_msgs/share/micro_ros_msgs/cmake/export_micro_ros_msgs__rosidl_typesupport_fastrtps_cExport.cmake
[2.869s] -- Installing: /home/minh/ktlt_ws/install/micro_ros_msgs/share/micro_ros_msgs/cmake/export_micro_ros_msgs__rosidl_typesupport_fastrtps_cExport-noconfig.cmake
[2.870s] -- Installing: /home/minh/ktlt_ws/install/micro_ros_msgs/share/micro_ros_msgs/cmake/micro_ros_msgs__rosidl_typesupport_introspection_cExport.cmake
[2.870s] -- Installing: /home/minh/ktlt_ws/install/micro_ros_msgs/share/micro_ros_msgs/cmake/micro_ros_msgs__rosidl_typesupport_introspection_cExport-noconfig.cmake
[2.870s] -- Installing: /home/minh/ktlt_ws/install/micro_ros_msgs/share/micro_ros_msgs/cmake/micro_ros_msgs__rosidl_typesupport_cExport.cmake
[2.870s] -- Installing: /home/minh/ktlt_ws/install/micro_ros_msgs/share/micro_ros_msgs/cmake/micro_ros_msgs__rosidl_typesupport_cExport-noconfig.cmake
[2.870s] -- Installing: /home/minh/ktlt_ws/install/micro_ros_msgs/share/micro_ros_msgs/cmake/export_micro_ros_msgs__rosidl_generator_cppExport.cmake
[2.870s] -- Installing: /home/minh/ktlt_ws/install/micro_ros_msgs/share/micro_ros_msgs/cmake/export_micro_ros_msgs__rosidl_typesupport_fastrtps_cppExport.cmake
[2.870s] -- Installing: /home/minh/ktlt_ws/install/micro_ros_msgs/share/micro_ros_msgs/cmake/export_micro_ros_msgs__rosidl_typesupport_fastrtps_cppExport-noconfig.cmake
[2.870s] -- Installing: /home/minh/ktlt_ws/install/micro_ros_msgs/share/micro_ros_msgs/cmake/micro_ros_msgs__rosidl_typesupport_introspection_cppExport.cmake
[2.870s] -- Installing: /home/minh/ktlt_ws/install/micro_ros_msgs/share/micro_ros_msgs/cmake/micro_ros_msgs__rosidl_typesupport_introspection_cppExport-noconfig.cmake
[2.870s] -- Installing: /home/minh/ktlt_ws/install/micro_ros_msgs/share/micro_ros_msgs/cmake/micro_ros_msgs__rosidl_typesupport_cppExport.cmake
[2.870s] -- Installing: /home/minh/ktlt_ws/install/micro_ros_msgs/share/micro_ros_msgs/cmake/micro_ros_msgs__rosidl_typesupport_cppExport-noconfig.cmake
[2.871s] -- Installing: /home/minh/ktlt_ws/install/micro_ros_msgs/share/micro_ros_msgs/cmake/export_micro_ros_msgs__rosidl_generator_pyExport.cmake
[2.871s] -- Installing: /home/minh/ktlt_ws/install/micro_ros_msgs/share/micro_ros_msgs/cmake/export_micro_ros_msgs__rosidl_generator_pyExport-noconfig.cmake
[2.871s] -- Installing: /home/minh/ktlt_ws/install/micro_ros_msgs/share/micro_ros_msgs/cmake/rosidl_cmake-extras.cmake
[2.871s] -- Installing: /home/minh/ktlt_ws/install/micro_ros_msgs/share/micro_ros_msgs/cmake/ament_cmake_export_include_directories-extras.cmake
[2.871s] -- Installing: /home/minh/ktlt_ws/install/micro_ros_msgs/share/micro_ros_msgs/cmake/ament_cmake_export_libraries-extras.cmake
[2.871s] -- Installing: /home/minh/ktlt_ws/install/micro_ros_msgs/share/micro_ros_msgs/cmake/ament_cmake_export_targets-extras.cmake
[2.871s] -- Installing: /home/minh/ktlt_ws/install/micro_ros_msgs/share/micro_ros_msgs/cmake/rosidl_cmake_export_typesupport_targets-extras.cmake
[2.871s] -- Installing: /home/minh/ktlt_ws/install/micro_ros_msgs/share/micro_ros_msgs/cmake/ament_cmake_export_dependencies-extras.cmake
[2.871s] -- Installing: /home/minh/ktlt_ws/install/micro_ros_msgs/share/micro_ros_msgs/cmake/rosidl_cmake_export_typesupport_libraries-extras.cmake
[2.871s] -- Installing: /home/minh/ktlt_ws/install/micro_ros_msgs/share/micro_ros_msgs/cmake/micro_ros_msgsConfig.cmake
[2.871s] -- Installing: /home/minh/ktlt_ws/install/micro_ros_msgs/share/micro_ros_msgs/cmake/micro_ros_msgsConfig-version.cmake
[2.872s] -- Installing: /home/minh/ktlt_ws/install/micro_ros_msgs/share/micro_ros_msgs/package.xml
[2.874s] Invoked command in '/home/minh/ktlt_ws/build/micro_ros_msgs' returned '0': CMAKE_PREFIX_PATH=${CMAKE_PREFIX_PATH}:/home/minh/ros2_ws/install/my_py_pkg:/home/minh/install/my_py_pkg:/opt/ros/humble /usr/bin/cmake --install /home/minh/ktlt_ws/build/micro_ros_msgs
