[0.132s] DEBUG:colcon:Command line arguments: ['/usr/bin/colcon', 'build']
[0.132s] DEBUG:colcon:Parsed command line arguments: Namespace(log_base=None, log_level=None, verb_name='build', build_base='build', install_base='install', merge_install=False, symlink_install=False, test_result_base=None, continue_on_error=False, executor='parallel', parallel_workers=16, event_handlers=None, ignore_user_meta=False, metas=['./colcon.meta'], base_paths=['.'], packages_ignore=None, packages_ignore_regex=None, paths=None, packages_up_to=None, packages_up_to_regex=None, packages_above=None, packages_above_and_dependencies=None, packages_above_depth=None, packages_select_by_dep=None, packages_skip_by_dep=None, packages_skip_up_to=None, packages_select_build_failed=False, packages_skip_build_finished=False, packages_select_test_failures=False, packages_skip_test_passed=False, packages_select=None, packages_skip=None, packages_select_regex=None, packages_skip_regex=None, packages_start=None, packages_end=None, allow_overriding=[], cmake_args=None, cmake_target=None, cmake_target_skip_unavailable=False, cmake_clean_cache=False, cmake_clean_first=False, cmake_force_configure=False, ament_cmake_args=None, catkin_cmake_args=None, catkin_skip_building_tests=False, mixin_files=None, mixin=None, verb_parser=<colcon_mixin.mixin.mixin_argument.MixinArgumentDecorator object at 0x75601fd61c30>, verb_extension=<colcon_core.verb.build.BuildVerb object at 0x75601fd614b0>, main=<bound method BuildVerb.main of <colcon_core.verb.build.BuildVerb object at 0x75601fd614b0>>, mixin_verb=('build',))
[0.247s] Level 1:colcon.colcon_core.package_discovery:discover_packages(colcon_meta) check parameters
[0.247s] Level 1:colcon.colcon_core.package_discovery:discover_packages(recursive) check parameters
[0.247s] Level 1:colcon.colcon_core.package_discovery:discover_packages(ignore) check parameters
[0.247s] Level 1:colcon.colcon_core.package_discovery:discover_packages(path) check parameters
[0.247s] Level 1:colcon.colcon_core.package_discovery:discover_packages(colcon_meta) discover
[0.247s] Level 1:colcon.colcon_core.package_discovery:discover_packages(recursive) discover
[0.247s] INFO:colcon.colcon_core.package_discovery:Crawling recursively for packages in '/home/minh/ktlt_ws'
[0.247s] Level 1:colcon.colcon_core.package_identification:_identify(.) by extensions ['ignore', 'ignore_ament_install']
[0.247s] Level 1:colcon.colcon_core.package_identification:_identify(.) by extension 'ignore'
[0.247s] Level 1:colcon.colcon_core.package_identification:_identify(.) by extension 'ignore_ament_install'
[0.247s] Level 1:colcon.colcon_core.package_identification:_identify(.) by extensions ['colcon_pkg']
[0.247s] Level 1:colcon.colcon_core.package_identification:_identify(.) by extension 'colcon_pkg'
[0.247s] Level 1:colcon.colcon_core.package_identification:_identify(.) by extensions ['colcon_meta']
[0.247s] Level 1:colcon.colcon_core.package_identification:_identify(.) by extension 'colcon_meta'
[0.247s] Level 1:colcon.colcon_core.package_identification:_identify(.) by extensions ['ros']
[0.247s] Level 1:colcon.colcon_core.package_identification:_identify(.) by extension 'ros'
[0.254s] Level 1:colcon.colcon_core.package_identification:_identify(.) by extensions ['cmake', 'python']
[0.255s] Level 1:colcon.colcon_core.package_identification:_identify(.) by extension 'cmake'
[0.255s] Level 1:colcon.colcon_core.package_identification:_identify(.) by extension 'python'
[0.255s] Level 1:colcon.colcon_core.package_identification:_identify(.) by extensions ['python_setup_py']
[0.255s] Level 1:colcon.colcon_core.package_identification:_identify(.) by extension 'python_setup_py'
[0.255s] Level 1:colcon.colcon_core.package_identification:_identify(build) by extensions ['ignore', 'ignore_ament_install']
[0.255s] Level 1:colcon.colcon_core.package_identification:_identify(build) by extension 'ignore'
[0.255s] Level 1:colcon.colcon_core.package_identification:_identify(build) ignored
[0.255s] Level 1:colcon.colcon_core.package_identification:_identify(install) by extensions ['ignore', 'ignore_ament_install']
[0.255s] Level 1:colcon.colcon_core.package_identification:_identify(install) by extension 'ignore'
[0.255s] Level 1:colcon.colcon_core.package_identification:_identify(install) ignored
[0.255s] Level 1:colcon.colcon_core.package_identification:_identify(log) by extensions ['ignore', 'ignore_ament_install']
[0.255s] Level 1:colcon.colcon_core.package_identification:_identify(log) by extension 'ignore'
[0.255s] Level 1:colcon.colcon_core.package_identification:_identify(log) ignored
[0.255s] Level 1:colcon.colcon_core.package_identification:_identify(src) by extensions ['ignore', 'ignore_ament_install']
[0.255s] Level 1:colcon.colcon_core.package_identification:_identify(src) by extension 'ignore'
[0.255s] Level 1:colcon.colcon_core.package_identification:_identify(src) by extension 'ignore_ament_install'
[0.255s] Level 1:colcon.colcon_core.package_identification:_identify(src) by extensions ['colcon_pkg']
[0.255s] Level 1:colcon.colcon_core.package_identification:_identify(src) by extension 'colcon_pkg'
[0.255s] Level 1:colcon.colcon_core.package_identification:_identify(src) by extensions ['colcon_meta']
[0.255s] Level 1:colcon.colcon_core.package_identification:_identify(src) by extension 'colcon_meta'
[0.255s] Level 1:colcon.colcon_core.package_identification:_identify(src) by extensions ['ros']
[0.255s] Level 1:colcon.colcon_core.package_identification:_identify(src) by extension 'ros'
[0.255s] Level 1:colcon.colcon_core.package_identification:_identify(src) by extensions ['cmake', 'python']
[0.255s] Level 1:colcon.colcon_core.package_identification:_identify(src) by extension 'cmake'
[0.255s] Level 1:colcon.colcon_core.package_identification:_identify(src) by extension 'python'
[0.255s] Level 1:colcon.colcon_core.package_identification:_identify(src) by extensions ['python_setup_py']
[0.255s] Level 1:colcon.colcon_core.package_identification:_identify(src) by extension 'python_setup_py'
[0.255s] Level 1:colcon.colcon_core.package_identification:_identify(src/micro_ros_setup) by extensions ['ignore', 'ignore_ament_install']
[0.255s] Level 1:colcon.colcon_core.package_identification:_identify(src/micro_ros_setup) by extension 'ignore'
[0.255s] Level 1:colcon.colcon_core.package_identification:_identify(src/micro_ros_setup) by extension 'ignore_ament_install'
[0.255s] Level 1:colcon.colcon_core.package_identification:_identify(src/micro_ros_setup) by extensions ['colcon_pkg']
[0.255s] Level 1:colcon.colcon_core.package_identification:_identify(src/micro_ros_setup) by extension 'colcon_pkg'
[0.255s] Level 1:colcon.colcon_core.package_identification:_identify(src/micro_ros_setup) by extensions ['colcon_meta']
[0.255s] Level 1:colcon.colcon_core.package_identification:_identify(src/micro_ros_setup) by extension 'colcon_meta'
[0.256s] Level 1:colcon.colcon_core.package_identification:_identify(src/micro_ros_setup) by extensions ['ros']
[0.256s] Level 1:colcon.colcon_core.package_identification:_identify(src/micro_ros_setup) by extension 'ros'
[0.257s] DEBUG:colcon.colcon_core.package_identification:Package 'src/micro_ros_setup' with type 'ros.ament_cmake' and name 'micro_ros_setup'
[0.257s] Level 1:colcon.colcon_core.package_discovery:discover_packages(recursive) using defaults
[0.257s] Level 1:colcon.colcon_core.package_discovery:discover_packages(ignore) discover
[0.257s] Level 1:colcon.colcon_core.package_discovery:discover_packages(ignore) using defaults
[0.257s] Level 1:colcon.colcon_core.package_discovery:discover_packages(path) discover
[0.257s] Level 1:colcon.colcon_core.package_discovery:discover_packages(path) using defaults
[0.291s] Level 1:colcon.colcon_core.package_discovery:discover_packages(prefix_path) check parameters
[0.291s] Level 1:colcon.colcon_core.package_discovery:discover_packages(prefix_path) discover
[0.293s] DEBUG:colcon.colcon_installed_package_information.package_discovery:Found 4 installed packages in /home/minh/ros2_ws/install
[0.293s] DEBUG:colcon.colcon_installed_package_information.package_discovery:Found 4 installed packages in /home/minh/install
[0.294s] DEBUG:colcon.colcon_installed_package_information.package_discovery:Found 306 installed packages in /opt/ros/humble
[0.295s] Level 1:colcon.colcon_core.package_discovery:discover_packages(prefix_path) using defaults
[0.320s] Level 5:colcon.colcon_core.verb:set package 'micro_ros_setup' build argument 'cmake_args' from command line to 'None'
[0.320s] Level 5:colcon.colcon_core.verb:set package 'micro_ros_setup' build argument 'cmake_target' from command line to 'None'
[0.320s] Level 5:colcon.colcon_core.verb:set package 'micro_ros_setup' build argument 'cmake_target_skip_unavailable' from command line to 'False'
[0.320s] Level 5:colcon.colcon_core.verb:set package 'micro_ros_setup' build argument 'cmake_clean_cache' from command line to 'False'
[0.320s] Level 5:colcon.colcon_core.verb:set package 'micro_ros_setup' build argument 'cmake_clean_first' from command line to 'False'
[0.320s] Level 5:colcon.colcon_core.verb:set package 'micro_ros_setup' build argument 'cmake_force_configure' from command line to 'False'
[0.320s] Level 5:colcon.colcon_core.verb:set package 'micro_ros_setup' build argument 'ament_cmake_args' from command line to 'None'
[0.320s] Level 5:colcon.colcon_core.verb:set package 'micro_ros_setup' build argument 'catkin_cmake_args' from command line to 'None'
[0.320s] Level 5:colcon.colcon_core.verb:set package 'micro_ros_setup' build argument 'catkin_skip_building_tests' from command line to 'False'
[0.320s] DEBUG:colcon.colcon_core.verb:Building package 'micro_ros_setup' with the following arguments: {'ament_cmake_args': None, 'build_base': '/home/minh/ktlt_ws/build/micro_ros_setup', 'catkin_cmake_args': None, 'catkin_skip_building_tests': False, 'cmake_args': None, 'cmake_clean_cache': False, 'cmake_clean_first': False, 'cmake_force_configure': False, 'cmake_target': None, 'cmake_target_skip_unavailable': False, 'install_base': '/home/minh/ktlt_ws/install/micro_ros_setup', 'merge_install': False, 'path': '/home/minh/ktlt_ws/src/micro_ros_setup', 'symlink_install': False, 'test_result_base': None}
[0.321s] INFO:colcon.colcon_core.executor:Executing jobs using 'parallel' executor
[0.321s] DEBUG:colcon.colcon_parallel_executor.executor.parallel:run_until_complete
[0.321s] INFO:colcon.colcon_ros.task.ament_cmake.build:Building ROS package in '/home/minh/ktlt_ws/src/micro_ros_setup' with build type 'ament_cmake'
[0.321s] INFO:colcon.colcon_cmake.task.cmake.build:Building CMake package in '/home/minh/ktlt_ws/src/micro_ros_setup'
[0.324s] INFO:colcon.colcon_core.plugin_system:Skipping extension 'colcon_core.shell.bat': Not used on non-Windows systems
[0.324s] INFO:colcon.colcon_core.shell:Skip shell extension 'powershell' for command environment: Not usable outside of PowerShell
[0.324s] DEBUG:colcon.colcon_core.shell:Skip shell extension 'dsv' for command environment
[0.332s] DEBUG:colcon.colcon_core.event_handler.log_command:Invoking command in '/home/minh/ktlt_ws/build/micro_ros_setup': CMAKE_PREFIX_PATH=${CMAKE_PREFIX_PATH}:/home/minh/ros2_ws/install/my_py_pkg:/home/minh/install/my_py_pkg:/opt/ros/humble /usr/bin/cmake /home/minh/ktlt_ws/src/micro_ros_setup -DCMAKE_INSTALL_PREFIX=/home/minh/ktlt_ws/install/micro_ros_setup
[0.932s] DEBUG:colcon.colcon_core.event_handler.log_command:Invoked command in '/home/minh/ktlt_ws/build/micro_ros_setup' returned '0': CMAKE_PREFIX_PATH=${CMAKE_PREFIX_PATH}:/home/minh/ros2_ws/install/my_py_pkg:/home/minh/install/my_py_pkg:/opt/ros/humble /usr/bin/cmake /home/minh/ktlt_ws/src/micro_ros_setup -DCMAKE_INSTALL_PREFIX=/home/minh/ktlt_ws/install/micro_ros_setup
[0.933s] DEBUG:colcon.colcon_core.event_handler.log_command:Invoking command in '/home/minh/ktlt_ws/build/micro_ros_setup': CMAKE_PREFIX_PATH=${CMAKE_PREFIX_PATH}:/home/minh/ros2_ws/install/my_py_pkg:/home/minh/install/my_py_pkg:/opt/ros/humble /usr/bin/cmake --build /home/minh/ktlt_ws/build/micro_ros_setup -- -j16 -l16
[0.963s] DEBUG:colcon.colcon_core.event_handler.log_command:Invoked command in '/home/minh/ktlt_ws/build/micro_ros_setup' returned '0': CMAKE_PREFIX_PATH=${CMAKE_PREFIX_PATH}:/home/minh/ros2_ws/install/my_py_pkg:/home/minh/install/my_py_pkg:/opt/ros/humble /usr/bin/cmake --build /home/minh/ktlt_ws/build/micro_ros_setup -- -j16 -l16
[0.972s] DEBUG:colcon.colcon_core.event_handler.log_command:Invoking command in '/home/minh/ktlt_ws/build/micro_ros_setup': CMAKE_PREFIX_PATH=${CMAKE_PREFIX_PATH}:/home/minh/ros2_ws/install/my_py_pkg:/home/minh/install/my_py_pkg:/opt/ros/humble /usr/bin/cmake --install /home/minh/ktlt_ws/build/micro_ros_setup
[0.994s] Level 1:colcon.colcon_core.environment:create_environment_scripts_only(micro_ros_setup)
[0.995s] DEBUG:colcon.colcon_core.event_handler.log_command:Invoked command in '/home/minh/ktlt_ws/build/micro_ros_setup' returned '0': CMAKE_PREFIX_PATH=${CMAKE_PREFIX_PATH}:/home/minh/ros2_ws/install/my_py_pkg:/home/minh/install/my_py_pkg:/opt/ros/humble /usr/bin/cmake --install /home/minh/ktlt_ws/build/micro_ros_setup
[0.998s] Level 1:colcon.colcon_core.environment:checking '/home/minh/ktlt_ws/install/micro_ros_setup' for CMake module files
[0.999s] Level 1:colcon.colcon_core.environment:checking '/home/minh/ktlt_ws/install/micro_ros_setup' for CMake config files
[0.999s] Level 1:colcon.colcon_core.shell:create_environment_hook('micro_ros_setup', 'cmake_prefix_path')
[0.999s] INFO:colcon.colcon_core.shell:Creating environment hook '/home/minh/ktlt_ws/install/micro_ros_setup/share/micro_ros_setup/hook/cmake_prefix_path.ps1'
[1.000s] INFO:colcon.colcon_core.shell:Creating environment descriptor '/home/minh/ktlt_ws/install/micro_ros_setup/share/micro_ros_setup/hook/cmake_prefix_path.dsv'
[1.000s] INFO:colcon.colcon_core.shell:Creating environment hook '/home/minh/ktlt_ws/install/micro_ros_setup/share/micro_ros_setup/hook/cmake_prefix_path.sh'
[1.001s] Level 1:colcon.colcon_core.environment:checking '/home/minh/ktlt_ws/install/micro_ros_setup/lib'
[1.001s] Level 1:colcon.colcon_core.environment:checking '/home/minh/ktlt_ws/install/micro_ros_setup/bin'
[1.001s] Level 1:colcon.colcon_core.environment:checking '/home/minh/ktlt_ws/install/micro_ros_setup/lib/pkgconfig/micro_ros_setup.pc'
[1.001s] Level 1:colcon.colcon_core.environment:checking '/home/minh/ktlt_ws/install/micro_ros_setup/lib/python3.10/site-packages'
[1.002s] Level 1:colcon.colcon_core.environment:checking '/home/minh/ktlt_ws/install/micro_ros_setup/bin'
[1.002s] INFO:colcon.colcon_core.shell:Creating package script '/home/minh/ktlt_ws/install/micro_ros_setup/share/micro_ros_setup/package.ps1'
[1.002s] INFO:colcon.colcon_core.shell:Creating package descriptor '/home/minh/ktlt_ws/install/micro_ros_setup/share/micro_ros_setup/package.dsv'
[1.003s] INFO:colcon.colcon_core.shell:Creating package script '/home/minh/ktlt_ws/install/micro_ros_setup/share/micro_ros_setup/package.sh'
[1.003s] INFO:colcon.colcon_core.shell:Creating package script '/home/minh/ktlt_ws/install/micro_ros_setup/share/micro_ros_setup/package.bash'
[1.004s] INFO:colcon.colcon_core.shell:Creating package script '/home/minh/ktlt_ws/install/micro_ros_setup/share/micro_ros_setup/package.zsh'
[1.004s] Level 1:colcon.colcon_core.environment:create_file_with_runtime_dependencies(/home/minh/ktlt_ws/install/micro_ros_setup/share/colcon-core/packages/micro_ros_setup)
[1.005s] Level 1:colcon.colcon_core.environment:create_environment_scripts_only(micro_ros_setup)
[1.005s] Level 1:colcon.colcon_core.environment:checking '/home/minh/ktlt_ws/install/micro_ros_setup' for CMake module files
[1.005s] Level 1:colcon.colcon_core.environment:checking '/home/minh/ktlt_ws/install/micro_ros_setup' for CMake config files
[1.005s] Level 1:colcon.colcon_core.shell:create_environment_hook('micro_ros_setup', 'cmake_prefix_path')
[1.005s] INFO:colcon.colcon_core.shell:Creating environment hook '/home/minh/ktlt_ws/install/micro_ros_setup/share/micro_ros_setup/hook/cmake_prefix_path.ps1'
[1.005s] INFO:colcon.colcon_core.shell:Creating environment descriptor '/home/minh/ktlt_ws/install/micro_ros_setup/share/micro_ros_setup/hook/cmake_prefix_path.dsv'
[1.006s] INFO:colcon.colcon_core.shell:Creating environment hook '/home/minh/ktlt_ws/install/micro_ros_setup/share/micro_ros_setup/hook/cmake_prefix_path.sh'
[1.006s] Level 1:colcon.colcon_core.environment:checking '/home/minh/ktlt_ws/install/micro_ros_setup/lib'
[1.006s] Level 1:colcon.colcon_core.environment:checking '/home/minh/ktlt_ws/install/micro_ros_setup/bin'
[1.006s] Level 1:colcon.colcon_core.environment:checking '/home/minh/ktlt_ws/install/micro_ros_setup/lib/pkgconfig/micro_ros_setup.pc'
[1.006s] Level 1:colcon.colcon_core.environment:checking '/home/minh/ktlt_ws/install/micro_ros_setup/lib/python3.10/site-packages'
[1.006s] Level 1:colcon.colcon_core.environment:checking '/home/minh/ktlt_ws/install/micro_ros_setup/bin'
[1.006s] INFO:colcon.colcon_core.shell:Creating package script '/home/minh/ktlt_ws/install/micro_ros_setup/share/micro_ros_setup/package.ps1'
[1.007s] INFO:colcon.colcon_core.shell:Creating package descriptor '/home/minh/ktlt_ws/install/micro_ros_setup/share/micro_ros_setup/package.dsv'
[1.007s] INFO:colcon.colcon_core.shell:Creating package script '/home/minh/ktlt_ws/install/micro_ros_setup/share/micro_ros_setup/package.sh'
[1.007s] INFO:colcon.colcon_core.shell:Creating package script '/home/minh/ktlt_ws/install/micro_ros_setup/share/micro_ros_setup/package.bash'
[1.007s] INFO:colcon.colcon_core.shell:Creating package script '/home/minh/ktlt_ws/install/micro_ros_setup/share/micro_ros_setup/package.zsh'
[1.007s] Level 1:colcon.colcon_core.environment:create_file_with_runtime_dependencies(/home/minh/ktlt_ws/install/micro_ros_setup/share/colcon-core/packages/micro_ros_setup)
[1.008s] DEBUG:colcon.colcon_parallel_executor.executor.parallel:closing loop
[1.008s] DEBUG:colcon.colcon_parallel_executor.executor.parallel:loop closed
[1.008s] DEBUG:colcon.colcon_parallel_executor.executor.parallel:run_until_complete finished with '0'
[1.008s] DEBUG:colcon.colcon_core.event_reactor:joining thread
[1.012s] INFO:colcon.colcon_core.plugin_system:Skipping extension 'colcon_notification.desktop_notification.terminal_notifier': Not used on non-Darwin systems
[1.012s] INFO:colcon.colcon_core.plugin_system:Skipping extension 'colcon_notification.desktop_notification.win32': Not used on non-Windows systems
[1.012s] INFO:colcon.colcon_notification.desktop_notification:Sending desktop notification using 'notify2'
[1.025s] DEBUG:colcon.colcon_core.event_reactor:joined thread
[1.025s] INFO:colcon.colcon_core.shell:Creating prefix script '/home/minh/ktlt_ws/install/local_setup.ps1'
[1.027s] INFO:colcon.colcon_core.shell:Creating prefix util module '/home/minh/ktlt_ws/install/_local_setup_util_ps1.py'
[1.028s] INFO:colcon.colcon_core.shell:Creating prefix chain script '/home/minh/ktlt_ws/install/setup.ps1'
[1.029s] INFO:colcon.colcon_core.shell:Creating prefix script '/home/minh/ktlt_ws/install/local_setup.sh'
[1.029s] INFO:colcon.colcon_core.shell:Creating prefix util module '/home/minh/ktlt_ws/install/_local_setup_util_sh.py'
[1.029s] INFO:colcon.colcon_core.shell:Creating prefix chain script '/home/minh/ktlt_ws/install/setup.sh'
[1.030s] INFO:colcon.colcon_core.shell:Creating prefix script '/home/minh/ktlt_ws/install/local_setup.bash'
[1.030s] INFO:colcon.colcon_core.shell:Creating prefix chain script '/home/minh/ktlt_ws/install/setup.bash'
[1.031s] INFO:colcon.colcon_core.shell:Creating prefix script '/home/minh/ktlt_ws/install/local_setup.zsh'
[1.031s] INFO:colcon.colcon_core.shell:Creating prefix chain script '/home/minh/ktlt_ws/install/setup.zsh'
