[0.064s] DEBUG:colcon:Command line arguments: ['/usr/bin/colcon', 'build', '--packages-up-to', 'micro_ros_agent', '--cmake-args', '-DUAGENT_BUILD_EXECUTABLE=OFF', '-DUAGENT_P2P_PROFILE=OFF', '--no-warn-unused-cli']
[0.064s] DEBUG:colcon:Parsed command line arguments: Namespace(log_base=None, log_level=None, verb_name='build', build_base='build', install_base='install', merge_install=False, symlink_install=False, test_result_base=None, continue_on_error=False, executor='parallel', parallel_workers=16, event_handlers=None, ignore_user_meta=False, metas=['./colcon.meta'], base_paths=['.'], packages_ignore=None, packages_ignore_regex=None, paths=None, packages_up_to=['micro_ros_agent'], packages_up_to_regex=None, packages_above=None, packages_above_and_dependencies=None, packages_above_depth=None, packages_select_by_dep=None, packages_skip_by_dep=None, packages_skip_up_to=None, packages_select_build_failed=False, packages_skip_build_finished=False, packages_select_test_failures=False, packages_skip_test_passed=False, packages_select=None, packages_skip=None, packages_select_regex=None, packages_skip_regex=None, packages_start=None, packages_end=None, allow_overriding=[], cmake_args=['-DUAGENT_BUILD_EXECUTABLE=OFF', '-DUAGENT_P2P_PROFILE=OFF', '--no-warn-unused-cli'], cmake_target=None, cmake_target_skip_unavailable=False, cmake_clean_cache=False, cmake_clean_first=False, cmake_force_configure=False, ament_cmake_args=None, catkin_cmake_args=None, catkin_skip_building_tests=False, mixin_files=None, mixin=None, verb_parser=<colcon_mixin.mixin.mixin_argument.MixinArgumentDecorator object at 0x74cdc6a4dc30>, verb_extension=<colcon_core.verb.build.BuildVerb object at 0x74cdc6a4d4b0>, main=<bound method BuildVerb.main of <colcon_core.verb.build.BuildVerb object at 0x74cdc6a4d4b0>>, mixin_verb=('build',))
[0.157s] Level 1:colcon.colcon_core.package_discovery:discover_packages(colcon_meta) check parameters
[0.157s] Level 1:colcon.colcon_core.package_discovery:discover_packages(recursive) check parameters
[0.157s] Level 1:colcon.colcon_core.package_discovery:discover_packages(ignore) check parameters
[0.157s] Level 1:colcon.colcon_core.package_discovery:discover_packages(path) check parameters
[0.157s] Level 1:colcon.colcon_core.package_discovery:discover_packages(colcon_meta) discover
[0.157s] Level 1:colcon.colcon_core.package_discovery:discover_packages(recursive) discover
[0.157s] INFO:colcon.colcon_core.package_discovery:Crawling recursively for packages in '/home/minh/ktlt_ws'
[0.157s] Level 1:colcon.colcon_core.package_identification:_identify(.) by extensions ['ignore', 'ignore_ament_install']
[0.157s] Level 1:colcon.colcon_core.package_identification:_identify(.) by extension 'ignore'
[0.157s] Level 1:colcon.colcon_core.package_identification:_identify(.) by extension 'ignore_ament_install'
[0.157s] Level 1:colcon.colcon_core.package_identification:_identify(.) by extensions ['colcon_pkg']
[0.158s] Level 1:colcon.colcon_core.package_identification:_identify(.) by extension 'colcon_pkg'
[0.158s] Level 1:colcon.colcon_core.package_identification:_identify(.) by extensions ['colcon_meta']
[0.158s] Level 1:colcon.colcon_core.package_identification:_identify(.) by extension 'colcon_meta'
[0.158s] Level 1:colcon.colcon_core.package_identification:_identify(.) by extensions ['ros']
[0.158s] Level 1:colcon.colcon_core.package_identification:_identify(.) by extension 'ros'
[0.165s] Level 1:colcon.colcon_core.package_identification:_identify(.) by extensions ['cmake', 'python']
[0.165s] Level 1:colcon.colcon_core.package_identification:_identify(.) by extension 'cmake'
[0.165s] Level 1:colcon.colcon_core.package_identification:_identify(.) by extension 'python'
[0.165s] Level 1:colcon.colcon_core.package_identification:_identify(.) by extensions ['python_setup_py']
[0.165s] Level 1:colcon.colcon_core.package_identification:_identify(.) by extension 'python_setup_py'
[0.165s] Level 1:colcon.colcon_core.package_identification:_identify(build) by extensions ['ignore', 'ignore_ament_install']
[0.165s] Level 1:colcon.colcon_core.package_identification:_identify(build) by extension 'ignore'
[0.165s] Level 1:colcon.colcon_core.package_identification:_identify(build) ignored
[0.165s] Level 1:colcon.colcon_core.package_identification:_identify(install) by extensions ['ignore', 'ignore_ament_install']
[0.165s] Level 1:colcon.colcon_core.package_identification:_identify(install) by extension 'ignore'
[0.165s] Level 1:colcon.colcon_core.package_identification:_identify(install) ignored
[0.165s] Level 1:colcon.colcon_core.package_identification:_identify(log) by extensions ['ignore', 'ignore_ament_install']
[0.165s] Level 1:colcon.colcon_core.package_identification:_identify(log) by extension 'ignore'
[0.165s] Level 1:colcon.colcon_core.package_identification:_identify(log) ignored
[0.165s] Level 1:colcon.colcon_core.package_identification:_identify(src) by extensions ['ignore', 'ignore_ament_install']
[0.165s] Level 1:colcon.colcon_core.package_identification:_identify(src) by extension 'ignore'
[0.165s] Level 1:colcon.colcon_core.package_identification:_identify(src) by extension 'ignore_ament_install'
[0.165s] Level 1:colcon.colcon_core.package_identification:_identify(src) by extensions ['colcon_pkg']
[0.165s] Level 1:colcon.colcon_core.package_identification:_identify(src) by extension 'colcon_pkg'
[0.165s] Level 1:colcon.colcon_core.package_identification:_identify(src) by extensions ['colcon_meta']
[0.165s] Level 1:colcon.colcon_core.package_identification:_identify(src) by extension 'colcon_meta'
[0.165s] Level 1:colcon.colcon_core.package_identification:_identify(src) by extensions ['ros']
[0.165s] Level 1:colcon.colcon_core.package_identification:_identify(src) by extension 'ros'
[0.165s] Level 1:colcon.colcon_core.package_identification:_identify(src) by extensions ['cmake', 'python']
[0.165s] Level 1:colcon.colcon_core.package_identification:_identify(src) by extension 'cmake'
[0.165s] Level 1:colcon.colcon_core.package_identification:_identify(src) by extension 'python'
[0.165s] Level 1:colcon.colcon_core.package_identification:_identify(src) by extensions ['python_setup_py']
[0.166s] Level 1:colcon.colcon_core.package_identification:_identify(src) by extension 'python_setup_py'
[0.166s] Level 1:colcon.colcon_core.package_identification:_identify(src/micro_ros_setup) by extensions ['ignore', 'ignore_ament_install']
[0.166s] Level 1:colcon.colcon_core.package_identification:_identify(src/micro_ros_setup) by extension 'ignore'
[0.166s] Level 1:colcon.colcon_core.package_identification:_identify(src/micro_ros_setup) by extension 'ignore_ament_install'
[0.166s] Level 1:colcon.colcon_core.package_identification:_identify(src/micro_ros_setup) by extensions ['colcon_pkg']
[0.166s] Level 1:colcon.colcon_core.package_identification:_identify(src/micro_ros_setup) by extension 'colcon_pkg'
[0.166s] Level 1:colcon.colcon_core.package_identification:_identify(src/micro_ros_setup) by extensions ['colcon_meta']
[0.166s] Level 1:colcon.colcon_core.package_identification:_identify(src/micro_ros_setup) by extension 'colcon_meta'
[0.166s] Level 1:colcon.colcon_core.package_identification:_identify(src/micro_ros_setup) by extensions ['ros']
[0.166s] Level 1:colcon.colcon_core.package_identification:_identify(src/micro_ros_setup) by extension 'ros'
[0.167s] DEBUG:colcon.colcon_core.package_identification:Package 'src/micro_ros_setup' with type 'ros.ament_cmake' and name 'micro_ros_setup'
[0.167s] Level 1:colcon.colcon_core.package_identification:_identify(src/uros) by extensions ['ignore', 'ignore_ament_install']
[0.167s] Level 1:colcon.colcon_core.package_identification:_identify(src/uros) by extension 'ignore'
[0.167s] Level 1:colcon.colcon_core.package_identification:_identify(src/uros) by extension 'ignore_ament_install'
[0.167s] Level 1:colcon.colcon_core.package_identification:_identify(src/uros) by extensions ['colcon_pkg']
[0.168s] Level 1:colcon.colcon_core.package_identification:_identify(src/uros) by extension 'colcon_pkg'
[0.168s] Level 1:colcon.colcon_core.package_identification:_identify(src/uros) by extensions ['colcon_meta']
[0.168s] Level 1:colcon.colcon_core.package_identification:_identify(src/uros) by extension 'colcon_meta'
[0.168s] Level 1:colcon.colcon_core.package_identification:_identify(src/uros) by extensions ['ros']
[0.168s] Level 1:colcon.colcon_core.package_identification:_identify(src/uros) by extension 'ros'
[0.168s] Level 1:colcon.colcon_core.package_identification:_identify(src/uros) by extensions ['cmake', 'python']
[0.168s] Level 1:colcon.colcon_core.package_identification:_identify(src/uros) by extension 'cmake'
[0.168s] Level 1:colcon.colcon_core.package_identification:_identify(src/uros) by extension 'python'
[0.168s] Level 1:colcon.colcon_core.package_identification:_identify(src/uros) by extensions ['python_setup_py']
[0.168s] Level 1:colcon.colcon_core.package_identification:_identify(src/uros) by extension 'python_setup_py'
[0.168s] Level 1:colcon.colcon_core.package_identification:_identify(src/uros/micro-ROS-Agent) by extensions ['ignore', 'ignore_ament_install']
[0.168s] Level 1:colcon.colcon_core.package_identification:_identify(src/uros/micro-ROS-Agent) by extension 'ignore'
[0.168s] Level 1:colcon.colcon_core.package_identification:_identify(src/uros/micro-ROS-Agent) by extension 'ignore_ament_install'
[0.168s] Level 1:colcon.colcon_core.package_identification:_identify(src/uros/micro-ROS-Agent) by extensions ['colcon_pkg']
[0.168s] Level 1:colcon.colcon_core.package_identification:_identify(src/uros/micro-ROS-Agent) by extension 'colcon_pkg'
[0.168s] Level 1:colcon.colcon_core.package_identification:_identify(src/uros/micro-ROS-Agent) by extensions ['colcon_meta']
[0.168s] Level 1:colcon.colcon_core.package_identification:_identify(src/uros/micro-ROS-Agent) by extension 'colcon_meta'
[0.168s] Level 1:colcon.colcon_core.package_identification:_identify(src/uros/micro-ROS-Agent) by extensions ['ros']
[0.168s] Level 1:colcon.colcon_core.package_identification:_identify(src/uros/micro-ROS-Agent) by extension 'ros'
[0.168s] Level 1:colcon.colcon_core.package_identification:_identify(src/uros/micro-ROS-Agent) by extensions ['cmake', 'python']
[0.168s] Level 1:colcon.colcon_core.package_identification:_identify(src/uros/micro-ROS-Agent) by extension 'cmake'
[0.168s] Level 1:colcon.colcon_core.package_identification:_identify(src/uros/micro-ROS-Agent) by extension 'python'
[0.168s] Level 1:colcon.colcon_core.package_identification:_identify(src/uros/micro-ROS-Agent) by extensions ['python_setup_py']
[0.168s] Level 1:colcon.colcon_core.package_identification:_identify(src/uros/micro-ROS-Agent) by extension 'python_setup_py'
[0.168s] Level 1:colcon.colcon_core.package_identification:_identify(src/uros/micro-ROS-Agent/micro_ros_agent) by extensions ['ignore', 'ignore_ament_install']
[0.168s] Level 1:colcon.colcon_core.package_identification:_identify(src/uros/micro-ROS-Agent/micro_ros_agent) by extension 'ignore'
[0.168s] Level 1:colcon.colcon_core.package_identification:_identify(src/uros/micro-ROS-Agent/micro_ros_agent) by extension 'ignore_ament_install'
[0.168s] Level 1:colcon.colcon_core.package_identification:_identify(src/uros/micro-ROS-Agent/micro_ros_agent) by extensions ['colcon_pkg']
[0.168s] Level 1:colcon.colcon_core.package_identification:_identify(src/uros/micro-ROS-Agent/micro_ros_agent) by extension 'colcon_pkg'
[0.168s] Level 1:colcon.colcon_core.package_identification:_identify(src/uros/micro-ROS-Agent/micro_ros_agent) by extensions ['colcon_meta']
[0.168s] Level 1:colcon.colcon_core.package_identification:_identify(src/uros/micro-ROS-Agent/micro_ros_agent) by extension 'colcon_meta'
[0.168s] Level 1:colcon.colcon_core.package_identification:_identify(src/uros/micro-ROS-Agent/micro_ros_agent) by extensions ['ros']
[0.168s] Level 1:colcon.colcon_core.package_identification:_identify(src/uros/micro-ROS-Agent/micro_ros_agent) by extension 'ros'
[0.169s] DEBUG:colcon.colcon_core.package_identification:Package 'src/uros/micro-ROS-Agent/micro_ros_agent' with type 'ros.ament_cmake' and name 'micro_ros_agent'
[0.169s] Level 1:colcon.colcon_core.package_identification:_identify(src/uros/micro-ROS-Agent/snap) by extensions ['ignore', 'ignore_ament_install']
[0.169s] Level 1:colcon.colcon_core.package_identification:_identify(src/uros/micro-ROS-Agent/snap) by extension 'ignore'
[0.169s] Level 1:colcon.colcon_core.package_identification:_identify(src/uros/micro-ROS-Agent/snap) by extension 'ignore_ament_install'
[0.169s] Level 1:colcon.colcon_core.package_identification:_identify(src/uros/micro-ROS-Agent/snap) by extensions ['colcon_pkg']
[0.169s] Level 1:colcon.colcon_core.package_identification:_identify(src/uros/micro-ROS-Agent/snap) by extension 'colcon_pkg'
[0.169s] Level 1:colcon.colcon_core.package_identification:_identify(src/uros/micro-ROS-Agent/snap) by extensions ['colcon_meta']
[0.169s] Level 1:colcon.colcon_core.package_identification:_identify(src/uros/micro-ROS-Agent/snap) by extension 'colcon_meta'
[0.169s] Level 1:colcon.colcon_core.package_identification:_identify(src/uros/micro-ROS-Agent/snap) by extensions ['ros']
[0.169s] Level 1:colcon.colcon_core.package_identification:_identify(src/uros/micro-ROS-Agent/snap) by extension 'ros'
[0.169s] Level 1:colcon.colcon_core.package_identification:_identify(src/uros/micro-ROS-Agent/snap) by extensions ['cmake', 'python']
[0.169s] Level 1:colcon.colcon_core.package_identification:_identify(src/uros/micro-ROS-Agent/snap) by extension 'cmake'
[0.169s] Level 1:colcon.colcon_core.package_identification:_identify(src/uros/micro-ROS-Agent/snap) by extension 'python'
[0.169s] Level 1:colcon.colcon_core.package_identification:_identify(src/uros/micro-ROS-Agent/snap) by extensions ['python_setup_py']
[0.169s] Level 1:colcon.colcon_core.package_identification:_identify(src/uros/micro-ROS-Agent/snap) by extension 'python_setup_py'
[0.169s] Level 1:colcon.colcon_core.package_identification:_identify(src/uros/micro-ROS-Agent/snap/hooks) by extensions ['ignore', 'ignore_ament_install']
[0.169s] Level 1:colcon.colcon_core.package_identification:_identify(src/uros/micro-ROS-Agent/snap/hooks) by extension 'ignore'
[0.169s] Level 1:colcon.colcon_core.package_identification:_identify(src/uros/micro-ROS-Agent/snap/hooks) by extension 'ignore_ament_install'
[0.169s] Level 1:colcon.colcon_core.package_identification:_identify(src/uros/micro-ROS-Agent/snap/hooks) by extensions ['colcon_pkg']
[0.169s] Level 1:colcon.colcon_core.package_identification:_identify(src/uros/micro-ROS-Agent/snap/hooks) by extension 'colcon_pkg'
[0.169s] Level 1:colcon.colcon_core.package_identification:_identify(src/uros/micro-ROS-Agent/snap/hooks) by extensions ['colcon_meta']
[0.169s] Level 1:colcon.colcon_core.package_identification:_identify(src/uros/micro-ROS-Agent/snap/hooks) by extension 'colcon_meta'
[0.169s] Level 1:colcon.colcon_core.package_identification:_identify(src/uros/micro-ROS-Agent/snap/hooks) by extensions ['ros']
[0.169s] Level 1:colcon.colcon_core.package_identification:_identify(src/uros/micro-ROS-Agent/snap/hooks) by extension 'ros'
[0.169s] Level 1:colcon.colcon_core.package_identification:_identify(src/uros/micro-ROS-Agent/snap/hooks) by extensions ['cmake', 'python']
[0.169s] Level 1:colcon.colcon_core.package_identification:_identify(src/uros/micro-ROS-Agent/snap/hooks) by extension 'cmake'
[0.169s] Level 1:colcon.colcon_core.package_identification:_identify(src/uros/micro-ROS-Agent/snap/hooks) by extension 'python'
[0.169s] Level 1:colcon.colcon_core.package_identification:_identify(src/uros/micro-ROS-Agent/snap/hooks) by extensions ['python_setup_py']
[0.169s] Level 1:colcon.colcon_core.package_identification:_identify(src/uros/micro-ROS-Agent/snap/hooks) by extension 'python_setup_py'
[0.170s] Level 1:colcon.colcon_core.package_identification:_identify(src/uros/micro-ROS-Agent/snap/local) by extensions ['ignore', 'ignore_ament_install']
[0.170s] Level 1:colcon.colcon_core.package_identification:_identify(src/uros/micro-ROS-Agent/snap/local) by extension 'ignore'
[0.170s] Level 1:colcon.colcon_core.package_identification:_identify(src/uros/micro-ROS-Agent/snap/local) by extension 'ignore_ament_install'
[0.170s] Level 1:colcon.colcon_core.package_identification:_identify(src/uros/micro-ROS-Agent/snap/local) by extensions ['colcon_pkg']
[0.170s] Level 1:colcon.colcon_core.package_identification:_identify(src/uros/micro-ROS-Agent/snap/local) by extension 'colcon_pkg'
[0.170s] Level 1:colcon.colcon_core.package_identification:_identify(src/uros/micro-ROS-Agent/snap/local) by extensions ['colcon_meta']
[0.170s] Level 1:colcon.colcon_core.package_identification:_identify(src/uros/micro-ROS-Agent/snap/local) by extension 'colcon_meta'
[0.170s] Level 1:colcon.colcon_core.package_identification:_identify(src/uros/micro-ROS-Agent/snap/local) by extensions ['ros']
[0.170s] Level 1:colcon.colcon_core.package_identification:_identify(src/uros/micro-ROS-Agent/snap/local) by extension 'ros'
[0.170s] Level 1:colcon.colcon_core.package_identification:_identify(src/uros/micro-ROS-Agent/snap/local) by extensions ['cmake', 'python']
[0.170s] Level 1:colcon.colcon_core.package_identification:_identify(src/uros/micro-ROS-Agent/snap/local) by extension 'cmake'
[0.170s] Level 1:colcon.colcon_core.package_identification:_identify(src/uros/micro-ROS-Agent/snap/local) by extension 'python'
[0.170s] Level 1:colcon.colcon_core.package_identification:_identify(src/uros/micro-ROS-Agent/snap/local) by extensions ['python_setup_py']
[0.170s] Level 1:colcon.colcon_core.package_identification:_identify(src/uros/micro-ROS-Agent/snap/local) by extension 'python_setup_py'
[0.170s] Level 1:colcon.colcon_core.package_identification:_identify(src/uros/micro_ros_msgs) by extensions ['ignore', 'ignore_ament_install']
[0.170s] Level 1:colcon.colcon_core.package_identification:_identify(src/uros/micro_ros_msgs) by extension 'ignore'
[0.170s] Level 1:colcon.colcon_core.package_identification:_identify(src/uros/micro_ros_msgs) by extension 'ignore_ament_install'
[0.170s] Level 1:colcon.colcon_core.package_identification:_identify(src/uros/micro_ros_msgs) by extensions ['colcon_pkg']
[0.170s] Level 1:colcon.colcon_core.package_identification:_identify(src/uros/micro_ros_msgs) by extension 'colcon_pkg'
[0.170s] Level 1:colcon.colcon_core.package_identification:_identify(src/uros/micro_ros_msgs) by extensions ['colcon_meta']
[0.170s] Level 1:colcon.colcon_core.package_identification:_identify(src/uros/micro_ros_msgs) by extension 'colcon_meta'
[0.170s] Level 1:colcon.colcon_core.package_identification:_identify(src/uros/micro_ros_msgs) by extensions ['ros']
[0.170s] Level 1:colcon.colcon_core.package_identification:_identify(src/uros/micro_ros_msgs) by extension 'ros'
[0.170s] DEBUG:colcon.colcon_core.package_identification:Package 'src/uros/micro_ros_msgs' with type 'ros.ament_cmake' and name 'micro_ros_msgs'
[0.170s] Level 1:colcon.colcon_core.package_discovery:discover_packages(recursive) using defaults
[0.170s] Level 1:colcon.colcon_core.package_discovery:discover_packages(ignore) discover
[0.170s] Level 1:colcon.colcon_core.package_discovery:discover_packages(ignore) using defaults
[0.170s] Level 1:colcon.colcon_core.package_discovery:discover_packages(path) discover
[0.170s] Level 1:colcon.colcon_core.package_discovery:discover_packages(path) using defaults
[0.195s] INFO:colcon.colcon_core.package_selection:Skipping package 'micro_ros_setup' in 'src/micro_ros_setup'
[0.196s] Level 1:colcon.colcon_core.package_discovery:discover_packages(prefix_path) check parameters
[0.196s] Level 1:colcon.colcon_core.package_discovery:discover_packages(prefix_path) discover
[0.197s] DEBUG:colcon.colcon_installed_package_information.package_discovery:Found 1 installed packages in /home/minh/ktlt_ws/install
[0.197s] DEBUG:colcon.colcon_installed_package_information.package_discovery:Found 4 installed packages in /home/minh/ros2_ws/install
[0.197s] DEBUG:colcon.colcon_installed_package_information.package_discovery:Found 4 installed packages in /home/minh/install
[0.198s] DEBUG:colcon.colcon_installed_package_information.package_discovery:Found 306 installed packages in /opt/ros/humble
[0.199s] Level 1:colcon.colcon_core.package_discovery:discover_packages(prefix_path) using defaults
[0.220s] Level 5:colcon.colcon_core.verb:set package 'micro_ros_msgs' build argument 'cmake_args' from command line to '['-DUAGENT_BUILD_EXECUTABLE=OFF', '-DUAGENT_P2P_PROFILE=OFF', '--no-warn-unused-cli']'
[0.220s] Level 5:colcon.colcon_core.verb:set package 'micro_ros_msgs' build argument 'cmake_target' from command line to 'None'
[0.220s] Level 5:colcon.colcon_core.verb:set package 'micro_ros_msgs' build argument 'cmake_target_skip_unavailable' from command line to 'False'
[0.220s] Level 5:colcon.colcon_core.verb:set package 'micro_ros_msgs' build argument 'cmake_clean_cache' from command line to 'False'
[0.220s] Level 5:colcon.colcon_core.verb:set package 'micro_ros_msgs' build argument 'cmake_clean_first' from command line to 'False'
[0.220s] Level 5:colcon.colcon_core.verb:set package 'micro_ros_msgs' build argument 'cmake_force_configure' from command line to 'False'
[0.220s] Level 5:colcon.colcon_core.verb:set package 'micro_ros_msgs' build argument 'ament_cmake_args' from command line to 'None'
[0.220s] Level 5:colcon.colcon_core.verb:set package 'micro_ros_msgs' build argument 'catkin_cmake_args' from command line to 'None'
[0.220s] Level 5:colcon.colcon_core.verb:set package 'micro_ros_msgs' build argument 'catkin_skip_building_tests' from command line to 'False'
[0.220s] DEBUG:colcon.colcon_core.verb:Building package 'micro_ros_msgs' with the following arguments: {'ament_cmake_args': None, 'build_base': '/home/minh/ktlt_ws/build/micro_ros_msgs', 'catkin_cmake_args': None, 'catkin_skip_building_tests': False, 'cmake_args': ['-DUAGENT_BUILD_EXECUTABLE=OFF', '-DUAGENT_P2P_PROFILE=OFF', '--no-warn-unused-cli'], 'cmake_clean_cache': False, 'cmake_clean_first': False, 'cmake_force_configure': False, 'cmake_target': None, 'cmake_target_skip_unavailable': False, 'install_base': '/home/minh/ktlt_ws/install/micro_ros_msgs', 'merge_install': False, 'path': '/home/minh/ktlt_ws/src/uros/micro_ros_msgs', 'symlink_install': False, 'test_result_base': None}
[0.221s] Level 5:colcon.colcon_core.verb:set package 'micro_ros_agent' build argument 'cmake_args' from command line to '['-DUAGENT_BUILD_EXECUTABLE=OFF', '-DUAGENT_P2P_PROFILE=OFF', '--no-warn-unused-cli']'
[0.221s] Level 5:colcon.colcon_core.verb:set package 'micro_ros_agent' build argument 'cmake_target' from command line to 'None'
[0.221s] Level 5:colcon.colcon_core.verb:set package 'micro_ros_agent' build argument 'cmake_target_skip_unavailable' from command line to 'False'
[0.221s] Level 5:colcon.colcon_core.verb:set package 'micro_ros_agent' build argument 'cmake_clean_cache' from command line to 'False'
[0.221s] Level 5:colcon.colcon_core.verb:set package 'micro_ros_agent' build argument 'cmake_clean_first' from command line to 'False'
[0.221s] Level 5:colcon.colcon_core.verb:set package 'micro_ros_agent' build argument 'cmake_force_configure' from command line to 'False'
[0.221s] Level 5:colcon.colcon_core.verb:set package 'micro_ros_agent' build argument 'ament_cmake_args' from command line to 'None'
[0.221s] Level 5:colcon.colcon_core.verb:set package 'micro_ros_agent' build argument 'catkin_cmake_args' from command line to 'None'
[0.221s] Level 5:colcon.colcon_core.verb:set package 'micro_ros_agent' build argument 'catkin_skip_building_tests' from command line to 'False'
[0.221s] DEBUG:colcon.colcon_core.verb:Building package 'micro_ros_agent' with the following arguments: {'ament_cmake_args': None, 'build_base': '/home/minh/ktlt_ws/build/micro_ros_agent', 'catkin_cmake_args': None, 'catkin_skip_building_tests': False, 'cmake_args': ['-DUAGENT_BUILD_EXECUTABLE=OFF', '-DUAGENT_P2P_PROFILE=OFF', '--no-warn-unused-cli'], 'cmake_clean_cache': False, 'cmake_clean_first': False, 'cmake_force_configure': False, 'cmake_target': None, 'cmake_target_skip_unavailable': False, 'install_base': '/home/minh/ktlt_ws/install/micro_ros_agent', 'merge_install': False, 'path': '/home/minh/ktlt_ws/src/uros/micro-ROS-Agent/micro_ros_agent', 'symlink_install': False, 'test_result_base': None}
[0.221s] INFO:colcon.colcon_core.executor:Executing jobs using 'parallel' executor
[0.222s] DEBUG:colcon.colcon_parallel_executor.executor.parallel:run_until_complete
[0.222s] INFO:colcon.colcon_ros.task.ament_cmake.build:Building ROS package in '/home/minh/ktlt_ws/src/uros/micro_ros_msgs' with build type 'ament_cmake'
[0.222s] INFO:colcon.colcon_cmake.task.cmake.build:Building CMake package in '/home/minh/ktlt_ws/src/uros/micro_ros_msgs'
[0.224s] INFO:colcon.colcon_core.plugin_system:Skipping extension 'colcon_core.shell.bat': Not used on non-Windows systems
[0.224s] INFO:colcon.colcon_core.shell:Skip shell extension 'powershell' for command environment: Not usable outside of PowerShell
[0.224s] DEBUG:colcon.colcon_core.shell:Skip shell extension 'dsv' for command environment
[0.231s] DEBUG:colcon.colcon_core.event_handler.log_command:Invoking command in '/home/minh/ktlt_ws/build/micro_ros_msgs': CMAKE_PREFIX_PATH=${CMAKE_PREFIX_PATH}:/home/minh/ros2_ws/install/my_py_pkg:/home/minh/install/my_py_pkg:/opt/ros/humble /usr/bin/cmake /home/minh/ktlt_ws/src/uros/micro_ros_msgs -DUAGENT_BUILD_EXECUTABLE=OFF -DUAGENT_P2P_PROFILE=OFF --no-warn-unused-cli -DCMAKE_INSTALL_PREFIX=/home/minh/ktlt_ws/install/micro_ros_msgs
[1.358s] DEBUG:colcon.colcon_core.event_handler.log_command:Invoked command in '/home/minh/ktlt_ws/build/micro_ros_msgs' returned '0': CMAKE_PREFIX_PATH=${CMAKE_PREFIX_PATH}:/home/minh/ros2_ws/install/my_py_pkg:/home/minh/install/my_py_pkg:/opt/ros/humble /usr/bin/cmake /home/minh/ktlt_ws/src/uros/micro_ros_msgs -DUAGENT_BUILD_EXECUTABLE=OFF -DUAGENT_P2P_PROFILE=OFF --no-warn-unused-cli -DCMAKE_INSTALL_PREFIX=/home/minh/ktlt_ws/install/micro_ros_msgs
[1.359s] DEBUG:colcon.colcon_core.event_handler.log_command:Invoking command in '/home/minh/ktlt_ws/build/micro_ros_msgs': CMAKE_PREFIX_PATH=${CMAKE_PREFIX_PATH}:/home/minh/ros2_ws/install/my_py_pkg:/home/minh/install/my_py_pkg:/opt/ros/humble /usr/bin/cmake --build /home/minh/ktlt_ws/build/micro_ros_msgs -- -j16 -l16
[3.033s] DEBUG:colcon.colcon_core.event_handler.log_command:Invoked command in '/home/minh/ktlt_ws/build/micro_ros_msgs' returned '0': CMAKE_PREFIX_PATH=${CMAKE_PREFIX_PATH}:/home/minh/ros2_ws/install/my_py_pkg:/home/minh/install/my_py_pkg:/opt/ros/humble /usr/bin/cmake --build /home/minh/ktlt_ws/build/micro_ros_msgs -- -j16 -l16
[3.042s] DEBUG:colcon.colcon_core.event_handler.log_command:Invoking command in '/home/minh/ktlt_ws/build/micro_ros_msgs': CMAKE_PREFIX_PATH=${CMAKE_PREFIX_PATH}:/home/minh/ros2_ws/install/my_py_pkg:/home/minh/install/my_py_pkg:/opt/ros/humble /usr/bin/cmake --install /home/minh/ktlt_ws/build/micro_ros_msgs
[3.096s] Level 1:colcon.colcon_core.environment:create_environment_scripts_only(micro_ros_msgs)
[3.096s] DEBUG:colcon.colcon_core.event_handler.log_command:Invoked command in '/home/minh/ktlt_ws/build/micro_ros_msgs' returned '0': CMAKE_PREFIX_PATH=${CMAKE_PREFIX_PATH}:/home/minh/ros2_ws/install/my_py_pkg:/home/minh/install/my_py_pkg:/opt/ros/humble /usr/bin/cmake --install /home/minh/ktlt_ws/build/micro_ros_msgs
[3.098s] Level 1:colcon.colcon_core.environment:checking '/home/minh/ktlt_ws/install/micro_ros_msgs' for CMake module files
[3.098s] Level 1:colcon.colcon_core.environment:checking '/home/minh/ktlt_ws/install/micro_ros_msgs' for CMake config files
[3.098s] Level 1:colcon.colcon_core.shell:create_environment_hook('micro_ros_msgs', 'cmake_prefix_path')
[3.099s] INFO:colcon.colcon_core.shell:Creating environment hook '/home/minh/ktlt_ws/install/micro_ros_msgs/share/micro_ros_msgs/hook/cmake_prefix_path.ps1'
[3.099s] INFO:colcon.colcon_core.shell:Creating environment descriptor '/home/minh/ktlt_ws/install/micro_ros_msgs/share/micro_ros_msgs/hook/cmake_prefix_path.dsv'
[3.099s] INFO:colcon.colcon_core.shell:Creating environment hook '/home/minh/ktlt_ws/install/micro_ros_msgs/share/micro_ros_msgs/hook/cmake_prefix_path.sh'
[3.100s] Level 1:colcon.colcon_core.environment:checking '/home/minh/ktlt_ws/install/micro_ros_msgs/lib'
[3.100s] Level 1:colcon.colcon_core.shell:create_environment_hook('micro_ros_msgs', 'ld_library_path_lib')
[3.100s] INFO:colcon.colcon_core.shell:Creating environment hook '/home/minh/ktlt_ws/install/micro_ros_msgs/share/micro_ros_msgs/hook/ld_library_path_lib.ps1'
[3.100s] INFO:colcon.colcon_core.shell:Creating environment descriptor '/home/minh/ktlt_ws/install/micro_ros_msgs/share/micro_ros_msgs/hook/ld_library_path_lib.dsv'
[3.100s] INFO:colcon.colcon_core.shell:Creating environment hook '/home/minh/ktlt_ws/install/micro_ros_msgs/share/micro_ros_msgs/hook/ld_library_path_lib.sh'
[3.100s] Level 1:colcon.colcon_core.environment:checking '/home/minh/ktlt_ws/install/micro_ros_msgs/bin'
[3.100s] Level 1:colcon.colcon_core.environment:checking '/home/minh/ktlt_ws/install/micro_ros_msgs/lib/pkgconfig/micro_ros_msgs.pc'
[3.101s] Level 1:colcon.colcon_core.environment:checking '/home/minh/ktlt_ws/install/micro_ros_msgs/lib/python3.10/site-packages'
[3.101s] Level 1:colcon.colcon_core.environment:checking '/home/minh/ktlt_ws/install/micro_ros_msgs/bin'
[3.101s] INFO:colcon.colcon_core.shell:Creating package script '/home/minh/ktlt_ws/install/micro_ros_msgs/share/micro_ros_msgs/package.ps1'
[3.101s] INFO:colcon.colcon_core.shell:Creating package descriptor '/home/minh/ktlt_ws/install/micro_ros_msgs/share/micro_ros_msgs/package.dsv'
[3.102s] INFO:colcon.colcon_core.shell:Creating package script '/home/minh/ktlt_ws/install/micro_ros_msgs/share/micro_ros_msgs/package.sh'
[3.102s] INFO:colcon.colcon_core.shell:Creating package script '/home/minh/ktlt_ws/install/micro_ros_msgs/share/micro_ros_msgs/package.bash'
[3.103s] INFO:colcon.colcon_core.shell:Creating package script '/home/minh/ktlt_ws/install/micro_ros_msgs/share/micro_ros_msgs/package.zsh'
[3.103s] Level 1:colcon.colcon_core.environment:create_file_with_runtime_dependencies(/home/minh/ktlt_ws/install/micro_ros_msgs/share/colcon-core/packages/micro_ros_msgs)
[3.103s] Level 1:colcon.colcon_core.environment:create_environment_scripts_only(micro_ros_msgs)
[3.104s] Level 1:colcon.colcon_core.environment:checking '/home/minh/ktlt_ws/install/micro_ros_msgs' for CMake module files
[3.104s] Level 1:colcon.colcon_core.environment:checking '/home/minh/ktlt_ws/install/micro_ros_msgs' for CMake config files
[3.104s] Level 1:colcon.colcon_core.shell:create_environment_hook('micro_ros_msgs', 'cmake_prefix_path')
[3.104s] INFO:colcon.colcon_core.shell:Creating environment hook '/home/minh/ktlt_ws/install/micro_ros_msgs/share/micro_ros_msgs/hook/cmake_prefix_path.ps1'
[3.104s] INFO:colcon.colcon_core.shell:Creating environment descriptor '/home/minh/ktlt_ws/install/micro_ros_msgs/share/micro_ros_msgs/hook/cmake_prefix_path.dsv'
[3.105s] INFO:colcon.colcon_core.shell:Creating environment hook '/home/minh/ktlt_ws/install/micro_ros_msgs/share/micro_ros_msgs/hook/cmake_prefix_path.sh'
[3.105s] Level 1:colcon.colcon_core.environment:checking '/home/minh/ktlt_ws/install/micro_ros_msgs/lib'
[3.105s] Level 1:colcon.colcon_core.shell:create_environment_hook('micro_ros_msgs', 'ld_library_path_lib')
[3.105s] INFO:colcon.colcon_core.shell:Creating environment hook '/home/minh/ktlt_ws/install/micro_ros_msgs/share/micro_ros_msgs/hook/ld_library_path_lib.ps1'
[3.105s] INFO:colcon.colcon_core.shell:Creating environment descriptor '/home/minh/ktlt_ws/install/micro_ros_msgs/share/micro_ros_msgs/hook/ld_library_path_lib.dsv'
[3.105s] INFO:colcon.colcon_core.shell:Creating environment hook '/home/minh/ktlt_ws/install/micro_ros_msgs/share/micro_ros_msgs/hook/ld_library_path_lib.sh'
[3.106s] Level 1:colcon.colcon_core.environment:checking '/home/minh/ktlt_ws/install/micro_ros_msgs/bin'
[3.106s] Level 1:colcon.colcon_core.environment:checking '/home/minh/ktlt_ws/install/micro_ros_msgs/lib/pkgconfig/micro_ros_msgs.pc'
[3.106s] Level 1:colcon.colcon_core.environment:checking '/home/minh/ktlt_ws/install/micro_ros_msgs/lib/python3.10/site-packages'
[3.106s] Level 1:colcon.colcon_core.environment:checking '/home/minh/ktlt_ws/install/micro_ros_msgs/bin'
[3.106s] INFO:colcon.colcon_core.shell:Creating package script '/home/minh/ktlt_ws/install/micro_ros_msgs/share/micro_ros_msgs/package.ps1'
[3.106s] INFO:colcon.colcon_core.shell:Creating package descriptor '/home/minh/ktlt_ws/install/micro_ros_msgs/share/micro_ros_msgs/package.dsv'
[3.107s] INFO:colcon.colcon_core.shell:Creating package script '/home/minh/ktlt_ws/install/micro_ros_msgs/share/micro_ros_msgs/package.sh'
[3.107s] INFO:colcon.colcon_core.shell:Creating package script '/home/minh/ktlt_ws/install/micro_ros_msgs/share/micro_ros_msgs/package.bash'
[3.107s] INFO:colcon.colcon_core.shell:Creating package script '/home/minh/ktlt_ws/install/micro_ros_msgs/share/micro_ros_msgs/package.zsh'
[3.107s] Level 1:colcon.colcon_core.environment:create_file_with_runtime_dependencies(/home/minh/ktlt_ws/install/micro_ros_msgs/share/colcon-core/packages/micro_ros_msgs)
[3.108s] INFO:colcon.colcon_ros.task.ament_cmake.build:Building ROS package in '/home/minh/ktlt_ws/src/uros/micro-ROS-Agent/micro_ros_agent' with build type 'ament_cmake'
[3.108s] INFO:colcon.colcon_cmake.task.cmake.build:Building CMake package in '/home/minh/ktlt_ws/src/uros/micro-ROS-Agent/micro_ros_agent'
[3.108s] INFO:colcon.colcon_core.shell:Skip shell extension 'powershell' for command environment: Not usable outside of PowerShell
[3.108s] DEBUG:colcon.colcon_core.shell:Skip shell extension 'dsv' for command environment
[3.117s] DEBUG:colcon.colcon_core.event_handler.log_command:Invoking command in '/home/minh/ktlt_ws/build/micro_ros_agent': AMENT_PREFIX_PATH=/home/minh/ktlt_ws/install/micro_ros_msgs:${AMENT_PREFIX_PATH} CMAKE_PREFIX_PATH=/home/minh/ktlt_ws/install/micro_ros_msgs:/home/minh/ktlt_ws/install/micro_ros_setup:/home/minh/ros2_ws/install/my_robot_interfaces:/home/minh/ros2_ws/install/my_robot_description:/home/minh/ros2_ws/install/my_robot_bringup:/home/minh/install/my_robot_interfaces:/home/minh/install/my_robot_description:/home/minh/install/my_robot_bringup:/home/minh/ros2_ws/install/my_py_pkg:/home/minh/install/my_py_pkg:/opt/ros/humble LD_LIBRARY_PATH=/home/minh/ktlt_ws/install/micro_ros_msgs/lib:${LD_LIBRARY_PATH} PYTHONPATH=/home/minh/ktlt_ws/install/micro_ros_msgs/local/lib/python3.10/dist-packages:${PYTHONPATH} /usr/bin/cmake /home/minh/ktlt_ws/src/uros/micro-ROS-Agent/micro_ros_agent -DUAGENT_BUILD_EXECUTABLE=OFF -DUAGENT_P2P_PROFILE=OFF --no-warn-unused-cli -DCMAKE_INSTALL_PREFIX=/home/minh/ktlt_ws/install/micro_ros_agent
[3.376s] DEBUG:colcon.colcon_core.event_handler.log_command:Invoked command in '/home/minh/ktlt_ws/build/micro_ros_agent' returned '0': AMENT_PREFIX_PATH=/home/minh/ktlt_ws/install/micro_ros_msgs:${AMENT_PREFIX_PATH} CMAKE_PREFIX_PATH=/home/minh/ktlt_ws/install/micro_ros_msgs:/home/minh/ktlt_ws/install/micro_ros_setup:/home/minh/ros2_ws/install/my_robot_interfaces:/home/minh/ros2_ws/install/my_robot_description:/home/minh/ros2_ws/install/my_robot_bringup:/home/minh/install/my_robot_interfaces:/home/minh/install/my_robot_description:/home/minh/install/my_robot_bringup:/home/minh/ros2_ws/install/my_py_pkg:/home/minh/install/my_py_pkg:/opt/ros/humble LD_LIBRARY_PATH=/home/minh/ktlt_ws/install/micro_ros_msgs/lib:${LD_LIBRARY_PATH} PYTHONPATH=/home/minh/ktlt_ws/install/micro_ros_msgs/local/lib/python3.10/dist-packages:${PYTHONPATH} /usr/bin/cmake /home/minh/ktlt_ws/src/uros/micro-ROS-Agent/micro_ros_agent -DUAGENT_BUILD_EXECUTABLE=OFF -DUAGENT_P2P_PROFILE=OFF --no-warn-unused-cli -DCMAKE_INSTALL_PREFIX=/home/minh/ktlt_ws/install/micro_ros_agent
[3.376s] DEBUG:colcon.colcon_core.event_handler.log_command:Invoking command in '/home/minh/ktlt_ws/build/micro_ros_agent': AMENT_PREFIX_PATH=/home/minh/ktlt_ws/install/micro_ros_msgs:${AMENT_PREFIX_PATH} CMAKE_PREFIX_PATH=/home/minh/ktlt_ws/install/micro_ros_msgs:/home/minh/ktlt_ws/install/micro_ros_setup:/home/minh/ros2_ws/install/my_robot_interfaces:/home/minh/ros2_ws/install/my_robot_description:/home/minh/ros2_ws/install/my_robot_bringup:/home/minh/install/my_robot_interfaces:/home/minh/install/my_robot_description:/home/minh/install/my_robot_bringup:/home/minh/ros2_ws/install/my_py_pkg:/home/minh/install/my_py_pkg:/opt/ros/humble LD_LIBRARY_PATH=/home/minh/ktlt_ws/install/micro_ros_msgs/lib:${LD_LIBRARY_PATH} PYTHONPATH=/home/minh/ktlt_ws/install/micro_ros_msgs/local/lib/python3.10/dist-packages:${PYTHONPATH} /usr/bin/cmake --build /home/minh/ktlt_ws/build/micro_ros_agent -- -j16 -l16
[21.729s] DEBUG:colcon.colcon_core.event_handler.log_command:Invoked command in '/home/minh/ktlt_ws/build/micro_ros_agent' returned '0': AMENT_PREFIX_PATH=/home/minh/ktlt_ws/install/micro_ros_msgs:${AMENT_PREFIX_PATH} CMAKE_PREFIX_PATH=/home/minh/ktlt_ws/install/micro_ros_msgs:/home/minh/ktlt_ws/install/micro_ros_setup:/home/minh/ros2_ws/install/my_robot_interfaces:/home/minh/ros2_ws/install/my_robot_description:/home/minh/ros2_ws/install/my_robot_bringup:/home/minh/install/my_robot_interfaces:/home/minh/install/my_robot_description:/home/minh/install/my_robot_bringup:/home/minh/ros2_ws/install/my_py_pkg:/home/minh/install/my_py_pkg:/opt/ros/humble LD_LIBRARY_PATH=/home/minh/ktlt_ws/install/micro_ros_msgs/lib:${LD_LIBRARY_PATH} PYTHONPATH=/home/minh/ktlt_ws/install/micro_ros_msgs/local/lib/python3.10/dist-packages:${PYTHONPATH} /usr/bin/cmake --build /home/minh/ktlt_ws/build/micro_ros_agent -- -j16 -l16
[21.730s] DEBUG:colcon.colcon_core.event_handler.log_command:Invoking command in '/home/minh/ktlt_ws/build/micro_ros_agent': AMENT_PREFIX_PATH=/home/minh/ktlt_ws/install/micro_ros_msgs:${AMENT_PREFIX_PATH} CMAKE_PREFIX_PATH=/home/minh/ktlt_ws/install/micro_ros_msgs:/home/minh/ktlt_ws/install/micro_ros_setup:/home/minh/ros2_ws/install/my_robot_interfaces:/home/minh/ros2_ws/install/my_robot_description:/home/minh/ros2_ws/install/my_robot_bringup:/home/minh/install/my_robot_interfaces:/home/minh/install/my_robot_description:/home/minh/install/my_robot_bringup:/home/minh/ros2_ws/install/my_py_pkg:/home/minh/install/my_py_pkg:/opt/ros/humble LD_LIBRARY_PATH=/home/minh/ktlt_ws/install/micro_ros_msgs/lib:${LD_LIBRARY_PATH} PYTHONPATH=/home/minh/ktlt_ws/install/micro_ros_msgs/local/lib/python3.10/dist-packages:${PYTHONPATH} /usr/bin/cmake --install /home/minh/ktlt_ws/build/micro_ros_agent
[21.741s] Level 1:colcon.colcon_core.environment:create_environment_scripts_only(micro_ros_agent)
[21.741s] Level 1:colcon.colcon_core.environment:checking '/home/minh/ktlt_ws/install/micro_ros_agent' for CMake module files
[21.741s] DEBUG:colcon.colcon_core.event_handler.log_command:Invoked command in '/home/minh/ktlt_ws/build/micro_ros_agent' returned '0': AMENT_PREFIX_PATH=/home/minh/ktlt_ws/install/micro_ros_msgs:${AMENT_PREFIX_PATH} CMAKE_PREFIX_PATH=/home/minh/ktlt_ws/install/micro_ros_msgs:/home/minh/ktlt_ws/install/micro_ros_setup:/home/minh/ros2_ws/install/my_robot_interfaces:/home/minh/ros2_ws/install/my_robot_description:/home/minh/ros2_ws/install/my_robot_bringup:/home/minh/install/my_robot_interfaces:/home/minh/install/my_robot_description:/home/minh/install/my_robot_bringup:/home/minh/ros2_ws/install/my_py_pkg:/home/minh/install/my_py_pkg:/opt/ros/humble LD_LIBRARY_PATH=/home/minh/ktlt_ws/install/micro_ros_msgs/lib:${LD_LIBRARY_PATH} PYTHONPATH=/home/minh/ktlt_ws/install/micro_ros_msgs/local/lib/python3.10/dist-packages:${PYTHONPATH} /usr/bin/cmake --install /home/minh/ktlt_ws/build/micro_ros_agent
[21.742s] Level 1:colcon.colcon_core.environment:checking '/home/minh/ktlt_ws/install/micro_ros_agent' for CMake config files
[21.742s] Level 1:colcon.colcon_core.shell:create_environment_hook('micro_ros_agent', 'cmake_prefix_path')
[21.742s] INFO:colcon.colcon_core.shell:Creating environment hook '/home/minh/ktlt_ws/install/micro_ros_agent/share/micro_ros_agent/hook/cmake_prefix_path.ps1'
[21.742s] INFO:colcon.colcon_core.shell:Creating environment descriptor '/home/minh/ktlt_ws/install/micro_ros_agent/share/micro_ros_agent/hook/cmake_prefix_path.dsv'
[21.742s] INFO:colcon.colcon_core.shell:Creating environment hook '/home/minh/ktlt_ws/install/micro_ros_agent/share/micro_ros_agent/hook/cmake_prefix_path.sh'
[21.743s] Level 1:colcon.colcon_core.environment:checking '/home/minh/ktlt_ws/install/micro_ros_agent/lib'
[21.743s] Level 1:colcon.colcon_core.shell:create_environment_hook('micro_ros_agent', 'ld_library_path_lib')
[21.743s] INFO:colcon.colcon_core.shell:Creating environment hook '/home/minh/ktlt_ws/install/micro_ros_agent/share/micro_ros_agent/hook/ld_library_path_lib.ps1'
[21.743s] INFO:colcon.colcon_core.shell:Creating environment descriptor '/home/minh/ktlt_ws/install/micro_ros_agent/share/micro_ros_agent/hook/ld_library_path_lib.dsv'
[21.743s] INFO:colcon.colcon_core.shell:Creating environment hook '/home/minh/ktlt_ws/install/micro_ros_agent/share/micro_ros_agent/hook/ld_library_path_lib.sh'
[21.743s] Level 1:colcon.colcon_core.environment:checking '/home/minh/ktlt_ws/install/micro_ros_agent/bin'
[21.743s] Level 1:colcon.colcon_core.environment:checking '/home/minh/ktlt_ws/install/micro_ros_agent/lib/pkgconfig/micro_ros_agent.pc'
[21.743s] Level 1:colcon.colcon_core.environment:checking '/home/minh/ktlt_ws/install/micro_ros_agent/lib/python3.10/site-packages'
[21.744s] Level 1:colcon.colcon_core.environment:checking '/home/minh/ktlt_ws/install/micro_ros_agent/bin'
[21.744s] INFO:colcon.colcon_core.shell:Creating package script '/home/minh/ktlt_ws/install/micro_ros_agent/share/micro_ros_agent/package.ps1'
[21.744s] INFO:colcon.colcon_core.shell:Creating package descriptor '/home/minh/ktlt_ws/install/micro_ros_agent/share/micro_ros_agent/package.dsv'
[21.744s] INFO:colcon.colcon_core.shell:Creating package script '/home/minh/ktlt_ws/install/micro_ros_agent/share/micro_ros_agent/package.sh'
[21.744s] INFO:colcon.colcon_core.shell:Creating package script '/home/minh/ktlt_ws/install/micro_ros_agent/share/micro_ros_agent/package.bash'
[21.745s] INFO:colcon.colcon_core.shell:Creating package script '/home/minh/ktlt_ws/install/micro_ros_agent/share/micro_ros_agent/package.zsh'
[21.745s] Level 1:colcon.colcon_core.environment:create_file_with_runtime_dependencies(/home/minh/ktlt_ws/install/micro_ros_agent/share/colcon-core/packages/micro_ros_agent)
[21.745s] Level 1:colcon.colcon_core.environment:create_environment_scripts_only(micro_ros_agent)
[21.745s] Level 1:colcon.colcon_core.environment:checking '/home/minh/ktlt_ws/install/micro_ros_agent' for CMake module files
[21.745s] Level 1:colcon.colcon_core.environment:checking '/home/minh/ktlt_ws/install/micro_ros_agent' for CMake config files
[21.746s] Level 1:colcon.colcon_core.shell:create_environment_hook('micro_ros_agent', 'cmake_prefix_path')
[21.746s] INFO:colcon.colcon_core.shell:Creating environment hook '/home/minh/ktlt_ws/install/micro_ros_agent/share/micro_ros_agent/hook/cmake_prefix_path.ps1'
[21.746s] INFO:colcon.colcon_core.shell:Creating environment descriptor '/home/minh/ktlt_ws/install/micro_ros_agent/share/micro_ros_agent/hook/cmake_prefix_path.dsv'
[21.746s] INFO:colcon.colcon_core.shell:Creating environment hook '/home/minh/ktlt_ws/install/micro_ros_agent/share/micro_ros_agent/hook/cmake_prefix_path.sh'
[21.746s] Level 1:colcon.colcon_core.environment:checking '/home/minh/ktlt_ws/install/micro_ros_agent/lib'
[21.746s] Level 1:colcon.colcon_core.shell:create_environment_hook('micro_ros_agent', 'ld_library_path_lib')
[21.746s] INFO:colcon.colcon_core.shell:Creating environment hook '/home/minh/ktlt_ws/install/micro_ros_agent/share/micro_ros_agent/hook/ld_library_path_lib.ps1'
[21.747s] INFO:colcon.colcon_core.shell:Creating environment descriptor '/home/minh/ktlt_ws/install/micro_ros_agent/share/micro_ros_agent/hook/ld_library_path_lib.dsv'
[21.747s] INFO:colcon.colcon_core.shell:Creating environment hook '/home/minh/ktlt_ws/install/micro_ros_agent/share/micro_ros_agent/hook/ld_library_path_lib.sh'
[21.747s] Level 1:colcon.colcon_core.environment:checking '/home/minh/ktlt_ws/install/micro_ros_agent/bin'
[21.747s] Level 1:colcon.colcon_core.environment:checking '/home/minh/ktlt_ws/install/micro_ros_agent/lib/pkgconfig/micro_ros_agent.pc'
[21.747s] Level 1:colcon.colcon_core.environment:checking '/home/minh/ktlt_ws/install/micro_ros_agent/lib/python3.10/site-packages'
[21.747s] Level 1:colcon.colcon_core.environment:checking '/home/minh/ktlt_ws/install/micro_ros_agent/bin'
[21.747s] INFO:colcon.colcon_core.shell:Creating package script '/home/minh/ktlt_ws/install/micro_ros_agent/share/micro_ros_agent/package.ps1'
[21.748s] INFO:colcon.colcon_core.shell:Creating package descriptor '/home/minh/ktlt_ws/install/micro_ros_agent/share/micro_ros_agent/package.dsv'
[21.748s] INFO:colcon.colcon_core.shell:Creating package script '/home/minh/ktlt_ws/install/micro_ros_agent/share/micro_ros_agent/package.sh'
[21.748s] INFO:colcon.colcon_core.shell:Creating package script '/home/minh/ktlt_ws/install/micro_ros_agent/share/micro_ros_agent/package.bash'
[21.748s] INFO:colcon.colcon_core.shell:Creating package script '/home/minh/ktlt_ws/install/micro_ros_agent/share/micro_ros_agent/package.zsh'
[21.749s] Level 1:colcon.colcon_core.environment:create_file_with_runtime_dependencies(/home/minh/ktlt_ws/install/micro_ros_agent/share/colcon-core/packages/micro_ros_agent)
[21.749s] DEBUG:colcon.colcon_parallel_executor.executor.parallel:closing loop
[21.749s] DEBUG:colcon.colcon_parallel_executor.executor.parallel:loop closed
[21.749s] DEBUG:colcon.colcon_parallel_executor.executor.parallel:run_until_complete finished with '0'
[21.749s] DEBUG:colcon.colcon_core.event_reactor:joining thread
[21.752s] INFO:colcon.colcon_core.plugin_system:Skipping extension 'colcon_notification.desktop_notification.terminal_notifier': Not used on non-Darwin systems
[21.752s] INFO:colcon.colcon_core.plugin_system:Skipping extension 'colcon_notification.desktop_notification.win32': Not used on non-Windows systems
[21.752s] INFO:colcon.colcon_notification.desktop_notification:Sending desktop notification using 'notify2'
[21.760s] DEBUG:colcon.colcon_core.event_reactor:joined thread
[21.760s] INFO:colcon.colcon_core.shell:Creating prefix script '/home/minh/ktlt_ws/install/local_setup.ps1'
[21.761s] INFO:colcon.colcon_core.shell:Creating prefix util module '/home/minh/ktlt_ws/install/_local_setup_util_ps1.py'
[21.762s] INFO:colcon.colcon_core.shell:Creating prefix chain script '/home/minh/ktlt_ws/install/setup.ps1'
[21.762s] INFO:colcon.colcon_core.shell:Creating prefix script '/home/minh/ktlt_ws/install/local_setup.sh'
[21.763s] INFO:colcon.colcon_core.shell:Creating prefix util module '/home/minh/ktlt_ws/install/_local_setup_util_sh.py'
[21.763s] INFO:colcon.colcon_core.shell:Creating prefix chain script '/home/minh/ktlt_ws/install/setup.sh'
[21.764s] INFO:colcon.colcon_core.shell:Creating prefix script '/home/minh/ktlt_ws/install/local_setup.bash'
[21.764s] INFO:colcon.colcon_core.shell:Creating prefix chain script '/home/minh/ktlt_ws/install/setup.bash'
[21.765s] INFO:colcon.colcon_core.shell:Creating prefix script '/home/minh/ktlt_ws/install/local_setup.zsh'
[21.765s] INFO:colcon.colcon_core.shell:Creating prefix chain script '/home/minh/ktlt_ws/install/setup.zsh'
